<?xml version="1.0" encoding="UTF-8"?>
<!-- Generated by org.testng.reporters.JUnitReportReporter -->
<testsuite hostname="HGT-LAP-310" failures="0" tests="1" name="TestCase.LoginPageTest" time="67.939" errors="0" timestamp="2024-05-21T11:41:02 IST" skipped="0">
  <testcase classname="TestCase.LoginPageTest" name="Review" time="67.939"/>
  <system-out/>
</testsuite> <!-- TestCase.LoginPageTest -->
