<?xml version="1.0" encoding="UTF-8"?>
<!-- Generated by org.testng.reporters.JUnitReportReporter -->
<testsuite hostname="HGT-LAP-310" failures="0" tests="1" name="TestCase.TestCases_Prudhvi" time="299.831" errors="0" timestamp="2024-02-07T14:59:59 IST" skipped="0">
  <testcase classname="TestCase.TestCases_Prudhvi" name="ValidBlankdocSignerndApprover" time="299.831"/>
  <system-out/>
</testsuite> <!-- TestCase.TestCases_Prudhvi -->
