<?xml version="1.0" encoding="UTF-8"?>
<!-- Generated by org.testng.reporters.JUnitReportReporter -->
<testsuite hostname="HGT-LAP-310" failures="0" tests="2" name="TestCase.BugTestcase" time="236.896" errors="0" timestamp="2024-03-29T15:35:05 IST" skipped="1">
  <testcase classname="TestCase.BugTestcase" name="bug5423" time="236.896"/>
  <system-out/>
  <testcase classname="TestCase.BugTestcase" name="Bug4004">
    <skipped/>
  </testcase> <!-- Bug4004 -->
  <system-out/>
</testsuite> <!-- TestCase.BugTestcase -->
