<?xml version="1.0" encoding="UTF-8"?>
<!-- Generated by org.testng.reporters.JUnitReportReporter -->
<testsuite hostname="HGT-LAP-310" failures="0" tests="1" name="TestCase.TestCases_Prudhvi2" time="945.284" errors="0" timestamp="2024-06-14T15:51:03 IST" skipped="0">
  <testcase classname="TestCase.TestCases_Prudhvi2" name="VerifyAppSigSenderorderWOEWOA" time="945.284"/>
  <system-out/>
</testsuite> <!-- TestCase.TestCases_Prudhvi2 -->
