<?xml version="1.0" encoding="UTF-8"?>
<!-- Generated by org.testng.reporters.JUnitReportReporter -->
<testsuite hostname="HGT-LAP-310" failures="0" tests="1" name="TestCase.LoginPageTest" time="40.526" errors="0" timestamp="2024-08-01T12:18:17 IST" skipped="0">
  <testcase classname="TestCase.LoginPageTest" name="Verifyscrool" time="40.526"/>
  <system-out/>
</testsuite> <!-- TestCase.LoginPageTest -->
