<?xml version="1.0" encoding="UTF-8"?>
<!-- Generated by org.testng.reporters.JUnitReportReporter -->
<testsuite hostname="HGT-LAP-310" failures="0" tests="1" name="TestCase.FormtemplatesGlobalvariable_Testcase" time="753.481" errors="0" timestamp="2024-07-24T12:51:43 IST" skipped="0">
  <testcase classname="TestCase.FormtemplatesGlobalvariable_Testcase" name="validglobalvariable" time="753.481"/>
  <system-out/>
</testsuite> <!-- TestCase.FormtemplatesGlobalvariable_Testcase -->
