<?xml version="1.0" encoding="UTF-8"?>
<!-- Generated by org.testng.reporters.JUnitReportReporter -->
<testsuite hostname="HGT-LAP-310" failures="0" tests="1" name="TestCase.TestCases_Prudhvi" time="52.767" errors="0" timestamp="2024-03-11T16:24:28 IST" skipped="0">
  <testcase classname="TestCase.TestCases_Prudhvi" name="ValidScr" time="52.767"/>
  <system-out/>
</testsuite> <!-- TestCase.TestCases_Prudhvi -->
