<?xml version="1.0" encoding="UTF-8"?>
<!-- Generated by org.testng.reporters.JUnitReportReporter -->
<testsuite hostname="HGT-LAP-310" failures="0" tests="1" name="TestCase.LoginPageTest" time="259.143" errors="0" timestamp="2024-02-02T16:15:34 IST" skipped="0">
  <testcase classname="TestCase.LoginPageTest" name="Review" time="259.143"/>
  <system-out/>
</testsuite> <!-- TestCase.LoginPageTest -->
