<?xml version="1.0" encoding="UTF-8"?>
<!-- Generated by org.testng.reporters.JUnitReportReporter -->
<testsuite hostname="HGT-LAP-310" failures="0" tests="1" name="TestCase.TestCases_Prudhvi1" time="669.542" errors="0" timestamp="2024-06-17T16:10:45 IST" skipped="0">
  <testcase classname="TestCase.TestCases_Prudhvi1" name="validRearrangeorderApproverCCSigner" time="669.542"/>
  <system-out/>
</testsuite> <!-- TestCase.TestCases_Prudhvi1 -->
