<?xml version="1.0" encoding="UTF-8"?>
<!-- Generated by org.testng.reporters.JUnitReportReporter -->
<testsuite hostname="HGT-LAP-310" failures="0" tests="1" name="TestCase.globalVariableTestcase_meghana" time="52.442" errors="0" timestamp="2024-09-03T15:40:18 IST" skipped="0">
  <testcase classname="TestCase.globalVariableTestcase_meghana" name="clickGlobalVariableButton" time="52.442"/>
  <system-out/>
</testsuite> <!-- TestCase.globalVariableTestcase_meghana -->
