<?xml version="1.0" encoding="UTF-8"?>
<!-- Generated by org.testng.reporters.JUnitReportReporter -->
<testsuite hostname="HGT-LAP-310" failures="0" tests="1" name="TestCase.LoginPageTest" time="286.675" errors="0" timestamp="2024-07-25T12:52:44 IST" skipped="0">
  <testcase classname="TestCase.LoginPageTest" name="addbuilder" time="286.675"/>
  <system-out/>
</testsuite> <!-- TestCase.LoginPageTest -->
