<?xml version="1.0" encoding="UTF-8"?>
<!-- Generated by org.testng.reporters.JUnitReportReporter -->
<testsuite hostname="HGT-LAP-310" failures="0" tests="1" name="TestCase.FormTemplate_Testcases" time="3145.282" errors="0" timestamp="2024-03-08T16:33:47 IST" skipped="0">
  <testcase classname="TestCase.FormTemplate_Testcases" name="ValidTemplates" time="3145.282"/>
  <system-out/>
</testsuite> <!-- TestCase.FormTemplate_Testcases -->
