<?xml version="1.0" encoding="UTF-8"?>
<!-- Generated by org.testng.reporters.JUnitReportReporter -->
<testsuite hostname="HGT-LAP-310" failures="0" tests="1" name="TestCase.TestCases_Prudhvi1" time="74.830" errors="0" timestamp="2024-06-15T16:15:12 IST" skipped="0">
  <testcase classname="TestCase.TestCases_Prudhvi1" name="uploadPDFandJPG" time="74.830"/>
  <system-out/>
</testsuite> <!-- TestCase.TestCases_Prudhvi1 -->
