<?xml version="1.0" encoding="UTF-8"?>
<!-- Generated by org.testng.reporters.JUnitReportReporter -->
<testsuite hostname="HGT-LAP-310" failures="0" tests="1" name="TestCase.TestCases_Prudhvi1" time="365.654" errors="0" timestamp="2024-05-25T20:48:18 IST" skipped="0">
  <testcase classname="TestCase.TestCases_Prudhvi1" name="BlankDocWithEnforcement" time="365.654"/>
  <system-out/>
</testsuite> <!-- TestCase.TestCases_Prudhvi1 -->
