<?xml version="1.0" encoding="UTF-8"?>
<!-- Generated by org.testng.reporters.JUnitReportReporter -->
<testsuite hostname="HGT-LAP-310" failures="0" tests="20" name="TestCase.FormTemplate_Testcases" time="109.085" errors="2" timestamp="2024-06-07T17:14:41 IST" skipped="18">
  <testcase classname="TestCase.FormTemplate_Testcases" name="Close" time="6.315">
    <error message="disconnected: not connected to DevTools
  (failed to check if window was closed: disconnected: not connected to DevTools)
  (Session info: chrome=125.0.6422.142)
Build info: version: &#039;4.21.0&#039;, revision: &#039;79ed462ef4&#039;
System info: os.name: &#039;Windows 11&#039;, os.arch: &#039;amd64&#039;, os.version: &#039;10.0&#039;, java.version: &#039;21.0.1&#039;
Driver info: org.openqa.selenium.chrome.ChromeDriver
Command: [83fe7a641c98013ecbc4e22ce6d66a29, close {}]
Capabilities {acceptInsecureCerts: false, browserName: chrome, browserVersion: 125.0.6422.142, chrome: {chromedriverVersion: 125.0.6422.141 (4b1e8393712..., userDataDir: C:\Users\PRUDHV~1.BUD\AppDa...}, fedcm:accounts: true, goog:chromeOptions: {debuggerAddress: localhost:52694}, networkConnectionEnabled: false, pageLoadStrategy: normal, platformName: windows, proxy: Proxy(), se:cdp: ws://localhost:52694/devtoo..., se:cdpVersion: 125.0.6422.142, setWindowRect: true, strictFileInteractability: false, timeouts: {implicit: 0, pageLoad: 300000, script: 30000}, unhandledPromptBehavior: dismiss and notify, webauthn:extension:credBlob: true, webauthn:extension:largeBlob: true, webauthn:extension:minPinLength: true, webauthn:extension:prf: true, webauthn:virtualAuthenticators: true}
Session ID: 83fe7a641c98013ecbc4e22ce6d66a29" type="org.openqa.selenium.WebDriverException">
      <![CDATA[org.openqa.selenium.WebDriverException: disconnected: not connected to DevTools
  (failed to check if window was closed: disconnected: not connected to DevTools)
  (Session info: chrome=125.0.6422.142)
Build info: version: '4.21.0', revision: '79ed462ef4'
System info: os.name: 'Windows 11', os.arch: 'amd64', os.version: '10.0', java.version: '21.0.1'
Driver info: org.openqa.selenium.chrome.ChromeDriver
Command: [83fe7a641c98013ecbc4e22ce6d66a29, close {}]
Capabilities {acceptInsecureCerts: false, browserName: chrome, browserVersion: 125.0.6422.142, chrome: {chromedriverVersion: 125.0.6422.141 (4b1e8393712..., userDataDir: C:\Users\PRUDHV~1.BUD\AppDa...}, fedcm:accounts: true, goog:chromeOptions: {debuggerAddress: localhost:52694}, networkConnectionEnabled: false, pageLoadStrategy: normal, platformName: windows, proxy: Proxy(), se:cdp: ws://localhost:52694/devtoo..., se:cdpVersion: 125.0.6422.142, setWindowRect: true, strictFileInteractability: false, timeouts: {implicit: 0, pageLoad: 300000, script: 30000}, unhandledPromptBehavior: dismiss and notify, webauthn:extension:credBlob: true, webauthn:extension:largeBlob: true, webauthn:extension:minPinLength: true, webauthn:extension:prf: true, webauthn:virtualAuthenticators: true}
Session ID: 83fe7a641c98013ecbc4e22ce6d66a29
at java.base/jdk.internal.reflect.DirectConstructorHandleAccessor.newInstance(DirectConstructorHandleAccessor.java:62)
at java.base/java.lang.reflect.Constructor.newInstanceWithCaller(Constructor.java:502)
at java.base/java.lang.reflect.Constructor.newInstance(Constructor.java:486)
at org.openqa.selenium.remote.ErrorCodec.decode(ErrorCodec.java:167)
at org.openqa.selenium.remote.codec.w3c.W3CHttpResponseCodec.decode(W3CHttpResponseCodec.java:138)
at org.openqa.selenium.remote.codec.w3c.W3CHttpResponseCodec.decode(W3CHttpResponseCodec.java:50)
at org.openqa.selenium.remote.HttpCommandExecutor.execute(HttpCommandExecutor.java:190)
at org.openqa.selenium.remote.service.DriverCommandExecutor.invokeExecute(DriverCommandExecutor.java:216)
at org.openqa.selenium.remote.service.DriverCommandExecutor.execute(DriverCommandExecutor.java:174)
at org.openqa.selenium.remote.RemoteWebDriver.execute(RemoteWebDriver.java:518)
at org.openqa.selenium.remote.RemoteWebDriver.execute(RemoteWebDriver.java:591)
at org.openqa.selenium.remote.RemoteWebDriver.execute(RemoteWebDriver.java:595)
at org.openqa.selenium.remote.RemoteWebDriver.close(RemoteWebDriver.java:405)
at TestCase.FormTemplate_Testcases.Close(FormTemplate_Testcases.java:571)
at java.base/jdk.internal.reflect.DirectMethodHandleAccessor.invoke(DirectMethodHandleAccessor.java:103)
at java.base/java.lang.reflect.Method.invoke(Method.java:580)
at org.testng.internal.MethodInvocationHelper.invokeMethod(MethodInvocationHelper.java:133)
at org.testng.internal.MethodInvocationHelper.invokeMethodConsideringTimeout(MethodInvocationHelper.java:62)
at org.testng.internal.ConfigInvoker.invokeConfigurationMethod(ConfigInvoker.java:385)
at org.testng.internal.ConfigInvoker.invokeConfigurations(ConfigInvoker.java:321)
at org.testng.internal.TestInvoker.runConfigMethods(TestInvoker.java:700)
at org.testng.internal.TestInvoker.runAfterGroupsConfigurations(TestInvoker.java:676)
at org.testng.internal.TestInvoker.invokeMethod(TestInvoker.java:660)
at org.testng.internal.TestInvoker.invokeTestMethod(TestInvoker.java:173)
at org.testng.internal.MethodRunner.runInSequence(MethodRunner.java:46)
at org.testng.internal.TestInvoker$MethodInvocationAgent.invoke(TestInvoker.java:824)
at org.testng.internal.TestInvoker.invokeTestMethods(TestInvoker.java:146)
at org.testng.internal.TestMethodWorker.invokeTestMethods(TestMethodWorker.java:146)
at org.testng.internal.TestMethodWorker.run(TestMethodWorker.java:128)
at java.base/java.util.concurrent.ThreadPoolExecutor.runWorker(ThreadPoolExecutor.java:1144)
at java.base/java.util.concurrent.ThreadPoolExecutor$Worker.run(ThreadPoolExecutor.java:642)
at java.base/java.lang.Thread.run(Thread.java:1583)
]]>
    </error>
  </testcase> <!-- Close -->
  <system-out/>
  <testcase classname="TestCase.FormTemplate_Testcases" name="ContentHorizontalLine" time="102.770">
    <error message="element click intercepted: Element &lt;div class=&quot;icon-text&quot;&gt;...&lt;/div&gt; is not clickable at point (1290, 14). Other element would receive the click: &lt;ul class=&quot;el-dropdown-menu el-popper&quot; id=&quot;dropdown-menu-2598&quot; style=&quot;position: fixed; top: -3px; left: 1171px; transform-origin: center top; z-index: 2004;&quot; x-placement=&quot;bottom-end&quot;&gt;...&lt;/ul&gt;
  (Session info: chrome=125.0.6422.142)
Build info: version: &#039;4.21.0&#039;, revision: &#039;79ed462ef4&#039;
System info: os.name: &#039;Windows 11&#039;, os.arch: &#039;amd64&#039;, os.version: &#039;10.0&#039;, java.version: &#039;21.0.1&#039;
Driver info: org.openqa.selenium.chrome.ChromeDriver
Command: [29f9342ea43b2083fc8807fd18764035, clickElement {id=f.158615FD086E83B6DEBB27710341D381.d.BBFA8CC6C337CFC884AEFB5D27F2B8A9.e.89}]
Capabilities {acceptInsecureCerts: false, browserName: chrome, browserVersion: 125.0.6422.142, chrome: {chromedriverVersion: 125.0.6422.141 (4b1e8393712..., userDataDir: C:\Users\PRUDHV~1.BUD\AppDa...}, fedcm:accounts: true, goog:chromeOptions: {debuggerAddress: localhost:52695}, networkConnectionEnabled: false, pageLoadStrategy: normal, platformName: windows, proxy: Proxy(), se:cdp: ws://localhost:52695/devtoo..., se:cdpVersion: 125.0.6422.142, setWindowRect: true, strictFileInteractability: false, timeouts: {implicit: 0, pageLoad: 300000, script: 30000}, unhandledPromptBehavior: dismiss and notify, webauthn:extension:credBlob: true, webauthn:extension:largeBlob: true, webauthn:extension:minPinLength: true, webauthn:extension:prf: true, webauthn:virtualAuthenticators: true}
Element: [[ChromeDriver: chrome on windows (29f9342ea43b2083fc8807fd18764035)] -&gt; xpath: //div[@class=&#039;icon-text&#039;]]
Session ID: 29f9342ea43b2083fc8807fd18764035" type="org.openqa.selenium.ElementClickInterceptedException">
      <![CDATA[org.openqa.selenium.ElementClickInterceptedException: element click intercepted: Element <div class="icon-text">...</div> is not clickable at point (1290, 14). Other element would receive the click: <ul class="el-dropdown-menu el-popper" id="dropdown-menu-2598" style="position: fixed; top: -3px; left: 1171px; transform-origin: center top; z-index: 2004;" x-placement="bottom-end">...</ul>
  (Session info: chrome=125.0.6422.142)
Build info: version: '4.21.0', revision: '79ed462ef4'
System info: os.name: 'Windows 11', os.arch: 'amd64', os.version: '10.0', java.version: '21.0.1'
Driver info: org.openqa.selenium.chrome.ChromeDriver
Command: [29f9342ea43b2083fc8807fd18764035, clickElement {id=f.158615FD086E83B6DEBB27710341D381.d.BBFA8CC6C337CFC884AEFB5D27F2B8A9.e.89}]
Capabilities {acceptInsecureCerts: false, browserName: chrome, browserVersion: 125.0.6422.142, chrome: {chromedriverVersion: 125.0.6422.141 (4b1e8393712..., userDataDir: C:\Users\PRUDHV~1.BUD\AppDa...}, fedcm:accounts: true, goog:chromeOptions: {debuggerAddress: localhost:52695}, networkConnectionEnabled: false, pageLoadStrategy: normal, platformName: windows, proxy: Proxy(), se:cdp: ws://localhost:52695/devtoo..., se:cdpVersion: 125.0.6422.142, setWindowRect: true, strictFileInteractability: false, timeouts: {implicit: 0, pageLoad: 300000, script: 30000}, unhandledPromptBehavior: dismiss and notify, webauthn:extension:credBlob: true, webauthn:extension:largeBlob: true, webauthn:extension:minPinLength: true, webauthn:extension:prf: true, webauthn:virtualAuthenticators: true}
Element: [[ChromeDriver: chrome on windows (29f9342ea43b2083fc8807fd18764035)] -> xpath: //div[@class='icon-text']]
Session ID: 29f9342ea43b2083fc8807fd18764035
at java.base/jdk.internal.reflect.DirectConstructorHandleAccessor.newInstance(DirectConstructorHandleAccessor.java:62)
at java.base/java.lang.reflect.Constructor.newInstanceWithCaller(Constructor.java:502)
at java.base/java.lang.reflect.Constructor.newInstance(Constructor.java:486)
at org.openqa.selenium.remote.ErrorCodec.decode(ErrorCodec.java:167)
at org.openqa.selenium.remote.codec.w3c.W3CHttpResponseCodec.decode(W3CHttpResponseCodec.java:138)
at org.openqa.selenium.remote.codec.w3c.W3CHttpResponseCodec.decode(W3CHttpResponseCodec.java:50)
at org.openqa.selenium.remote.HttpCommandExecutor.execute(HttpCommandExecutor.java:190)
at org.openqa.selenium.remote.service.DriverCommandExecutor.invokeExecute(DriverCommandExecutor.java:216)
at org.openqa.selenium.remote.service.DriverCommandExecutor.execute(DriverCommandExecutor.java:174)
at org.openqa.selenium.remote.RemoteWebDriver.execute(RemoteWebDriver.java:518)
at org.openqa.selenium.remote.RemoteWebElement.execute(RemoteWebElement.java:223)
at org.openqa.selenium.remote.RemoteWebElement.click(RemoteWebElement.java:76)
at Pages.MethodActions.waitEle(MethodActions.java:39)
at Pages.FormTemplate.Template(FormTemplate.java:34)
at TestCase.FormTemplate_Testcases.ContentHorizontalLine(FormTemplate_Testcases.java:380)
at java.base/jdk.internal.reflect.DirectMethodHandleAccessor.invoke(DirectMethodHandleAccessor.java:103)
at java.base/java.lang.reflect.Method.invoke(Method.java:580)
at org.testng.internal.MethodInvocationHelper.invokeMethod(MethodInvocationHelper.java:133)
at org.testng.internal.TestInvoker.invokeMethod(TestInvoker.java:598)
at org.testng.internal.TestInvoker.invokeTestMethod(TestInvoker.java:173)
at org.testng.internal.MethodRunner.runInSequence(MethodRunner.java:46)
at org.testng.internal.TestInvoker$MethodInvocationAgent.invoke(TestInvoker.java:824)
at org.testng.internal.TestInvoker.invokeTestMethods(TestInvoker.java:146)
at org.testng.internal.TestMethodWorker.invokeTestMethods(TestMethodWorker.java:146)
at org.testng.internal.TestMethodWorker.run(TestMethodWorker.java:128)
at java.base/java.util.concurrent.ThreadPoolExecutor.runWorker(ThreadPoolExecutor.java:1144)
at java.base/java.util.concurrent.ThreadPoolExecutor$Worker.run(ThreadPoolExecutor.java:642)
at java.base/java.lang.Thread.run(Thread.java:1583)
]]>
    </error>
  </testcase> <!-- ContentHorizontalLine -->
  <system-out/>
  <testcase classname="TestCase.FormTemplate_Testcases" name="ContentDivision" time="0.000">
    <skipped/>
  </testcase> <!-- ContentDivision -->
  <system-out/>
  <testcase classname="TestCase.FormTemplate_Testcases" name="AdvancedAutoIncrementNumber" time="0.000">
    <skipped/>
  </testcase> <!-- AdvancedAutoIncrementNumber -->
  <system-out/>
  <testcase classname="TestCase.FormTemplate_Testcases" name="AdvancedLocation" time="0.000">
    <skipped/>
  </testcase> <!-- AdvancedLocation -->
  <system-out/>
  <testcase classname="TestCase.FormTemplate_Testcases" name="AdvancedCurrency" time="0.000">
    <skipped/>
  </testcase> <!-- AdvancedCurrency -->
  <system-out/>
  <testcase classname="TestCase.FormTemplate_Testcases" name="AdvancedQuestion" time="0.000">
    <skipped/>
  </testcase> <!-- AdvancedQuestion -->
  <system-out/>
  <testcase classname="TestCase.FormTemplate_Testcases" name="AdvancedEntity" time="0.000">
    <skipped/>
  </testcase> <!-- AdvancedEntity -->
  <system-out/>
  <testcase classname="TestCase.FormTemplate_Testcases" name="AdvancedFormula" time="0.000">
    <skipped/>
  </testcase> <!-- AdvancedFormula -->
  <system-out/>
  <testcase classname="TestCase.FormTemplate_Testcases" name="AdvancedAggregateFunction" time="0.000">
    <skipped/>
  </testcase> <!-- AdvancedAggregateFunction -->
  <system-out/>
  <testcase classname="TestCase.FormTemplate_Testcases" name="AdvancedChildEntityTable" time="0.000">
    <skipped/>
  </testcase> <!-- AdvancedChildEntityTable -->
  <system-out/>
  <testcase classname="TestCase.FormTemplate_Testcases" name="AdvancedPayButtons" time="0.000">
    <skipped/>
  </testcase> <!-- AdvancedPayButtons -->
  <system-out/>
  <testcase classname="TestCase.FormTemplate_Testcases" name="AdvancedPaymentVariable" time="0.000">
    <skipped/>
  </testcase> <!-- AdvancedPaymentVariable -->
  <system-out/>
  <testcase classname="TestCase.FormTemplate_Testcases" name="AdvancedStarRating" time="0.000">
    <skipped/>
  </testcase> <!-- AdvancedStarRating -->
  <system-out/>
  <testcase classname="TestCase.FormTemplate_Testcases" name="AdvancedConcatenate" time="0.000">
    <skipped/>
  </testcase> <!-- AdvancedConcatenate -->
  <system-out/>
  <testcase classname="TestCase.FormTemplate_Testcases" name="AdvancedAudio" time="0.000">
    <skipped/>
  </testcase> <!-- AdvancedAudio -->
  <system-out/>
  <testcase classname="TestCase.FormTemplate_Testcases" name="AdvancedQRCode" time="0.000">
    <skipped/>
  </testcase> <!-- AdvancedQRCode -->
  <system-out/>
  <testcase classname="TestCase.FormTemplate_Testcases" name="AdvancedQRReader" time="0.000">
    <skipped/>
  </testcase> <!-- AdvancedQRReader -->
  <system-out/>
  <testcase classname="TestCase.FormTemplate_Testcases" name="AdvancedAuthorizedSignature">
    <skipped/>
  </testcase> <!-- AdvancedAuthorizedSignature -->
  <system-out/>
  <testcase classname="TestCase.FormTemplate_Testcases" name="AdvancedDataTable">
    <skipped/>
  </testcase> <!-- AdvancedDataTable -->
  <system-out/>
</testsuite> <!-- TestCase.FormTemplate_Testcases -->
