<?xml version="1.0" encoding="UTF-8"?>
<!-- Generated by org.testng.reporters.JUnitReportReporter -->
<testsuite hostname="HGT-LAP-310" failures="0" tests="1" name="TestCase.Entitytest_Case" time="121.018" errors="0" timestamp="2024-03-04T11:26:10 IST" skipped="0">
  <testcase classname="TestCase.Entitytest_Case" name="validBugid4732" time="121.018"/>
  <system-out/>
</testsuite> <!-- TestCase.Entitytest_Case -->
