<?xml version="1.0" encoding="UTF-8"?>
<!-- Generated by org.testng.reporters.JUnitReportReporter -->
<testsuite hostname="HGT-LAP-310" failures="0" tests="1" name="TestCase.LoginPageTest" time="35.984" errors="0" timestamp="2024-09-03T18:23:17 IST" skipped="0">
  <testcase classname="TestCase.LoginPageTest" name="Verifyscrool" time="35.984"/>
  <system-out/>
</testsuite> <!-- TestCase.LoginPageTest -->
