<?xml version="1.0" encoding="UTF-8"?>
<!-- Generated by org.testng.reporters.JUnitReportReporter -->
<testsuite hostname="HGT-LAP-310" failures="0" tests="56" name="TestCase.TC_RelatedToWorkflows_meghana" time="0.593" errors="1" timestamp="2024-09-03T15:42:56 IST" skipped="55">
  <testcase classname="TestCase.TC_RelatedToWorkflows_meghana" name="Start" time="0.592">
    <error message="Unable to obtain: chromedriver, error chrome must exist: \usr\bin\sgoogle-chrome-stable
For documentation on this error, please visit: https://www.selenium.dev/documentation/webdriver/troubleshooting/errors/driver_location/
Build info: version: &#039;4.23.0&#039;, revision: &#039;4df0a231af&#039;
System info: os.name: &#039;Windows 11&#039;, os.arch: &#039;amd64&#039;, os.version: &#039;10.0&#039;, java.version: &#039;21.0.1&#039;
Driver info: driver.version: ChromeDriver" type="org.openqa.selenium.remote.NoSuchDriverException">
      <![CDATA[org.openqa.selenium.remote.NoSuchDriverException: Unable to obtain: chromedriver, error chrome must exist: \usr\bin\sgoogle-chrome-stable
For documentation on this error, please visit: https://www.selenium.dev/documentation/webdriver/troubleshooting/errors/driver_location/
Build info: version: '4.23.0', revision: '4df0a231af'
System info: os.name: 'Windows 11', os.arch: 'amd64', os.version: '10.0', java.version: '21.0.1'
Driver info: driver.version: ChromeDriver
at org.openqa.selenium.remote.service.DriverFinder.getBinaryPaths(DriverFinder.java:121)
at org.openqa.selenium.remote.service.DriverFinder.getDriverPath(DriverFinder.java:55)
at org.openqa.selenium.chrome.ChromeDriver.generateExecutor(ChromeDriver.java:99)
at org.openqa.selenium.chrome.ChromeDriver.<init>(ChromeDriver.java:88)
at org.openqa.selenium.chrome.ChromeDriver.<init>(ChromeDriver.java:83)
at org.openqa.selenium.chrome.ChromeDriver.<init>(ChromeDriver.java:72)
at TestCase.TC_RelatedToWorkflows_meghana.setupDriver(TC_RelatedToWorkflows_meghana.java:27)
at TestCase.TC_RelatedToWorkflows_meghana.Start(TC_RelatedToWorkflows_meghana.java:35)
at java.base/jdk.internal.reflect.DirectMethodHandleAccessor.invoke(DirectMethodHandleAccessor.java:103)
at java.base/java.lang.reflect.Method.invoke(Method.java:580)
at org.testng.internal.MethodInvocationHelper.invokeMethod(MethodInvocationHelper.java:133)
at org.testng.internal.MethodInvocationHelper.invokeMethodConsideringTimeout(MethodInvocationHelper.java:62)
at org.testng.internal.ConfigInvoker.invokeConfigurationMethod(ConfigInvoker.java:385)
at org.testng.internal.ConfigInvoker.invokeConfigurations(ConfigInvoker.java:321)
at org.testng.internal.TestInvoker.runConfigMethods(TestInvoker.java:700)
at org.testng.internal.TestInvoker.invokeMethod(TestInvoker.java:527)
at org.testng.internal.TestInvoker.invokeTestMethod(TestInvoker.java:173)
at org.testng.internal.MethodRunner.runInSequence(MethodRunner.java:46)
at org.testng.internal.TestInvoker$MethodInvocationAgent.invoke(TestInvoker.java:824)
at org.testng.internal.TestInvoker.invokeTestMethods(TestInvoker.java:146)
at org.testng.internal.TestMethodWorker.invokeTestMethods(TestMethodWorker.java:146)
at org.testng.internal.TestMethodWorker.run(TestMethodWorker.java:128)
at java.base/java.util.ArrayList.forEach(ArrayList.java:1596)
at org.testng.TestRunner.privateRun(TestRunner.java:794)
at org.testng.TestRunner.run(TestRunner.java:596)
at org.testng.SuiteRunner.runTest(SuiteRunner.java:377)
at org.testng.SuiteRunner.runSequentially(SuiteRunner.java:371)
at org.testng.SuiteRunner.privateRun(SuiteRunner.java:332)
at org.testng.SuiteRunner.run(SuiteRunner.java:276)
at org.testng.SuiteRunnerWorker.runSuite(SuiteRunnerWorker.java:53)
at org.testng.SuiteRunnerWorker.run(SuiteRunnerWorker.java:96)
at org.testng.TestNG.runSuitesSequentially(TestNG.java:1212)
at org.testng.TestNG.runSuitesLocally(TestNG.java:1134)
at org.testng.TestNG.runSuites(TestNG.java:1063)
at org.testng.TestNG.run(TestNG.java:1031)
at org.testng.remote.AbstractRemoteTestNG.run(AbstractRemoteTestNG.java:115)
at org.testng.remote.RemoteTestNG.initAndRun(RemoteTestNG.java:293)
at org.testng.remote.RemoteTestNG.main(RemoteTestNG.java:91)
Caused by: java.lang.IllegalStateException: chrome must exist: \usr\bin\sgoogle-chrome-stable
at org.openqa.selenium.internal.Require$PathStateChecker.isExecutable(Require.java:478)
at org.openqa.selenium.remote.service.DriverFinder.getBinaryPaths(DriverFinder.java:104)
... 37 more
]]>
    </error>
  </testcase> <!-- Start -->
  <system-out/>
  <testcase classname="TestCase.TC_RelatedToWorkflows_meghana" name="clickWF" time="0.000">
    <skipped/>
  </testcase> <!-- clickWF -->
  <system-out/>
  <testcase classname="TestCase.TC_RelatedToWorkflows_meghana" name="clickCreateWF" time="0.000">
    <skipped/>
  </testcase> <!-- clickCreateWF -->
  <system-out/>
  <testcase classname="TestCase.TC_RelatedToWorkflows_meghana" name="search" time="0.000">
    <skipped/>
  </testcase> <!-- search -->
  <system-out/>
  <testcase classname="TestCase.TC_RelatedToWorkflows_meghana" name="inactive" time="0.000">
    <skipped/>
  </testcase> <!-- inactive -->
  <system-out/>
  <testcase classname="TestCase.TC_RelatedToWorkflows_meghana" name="active" time="0.000">
    <skipped/>
  </testcase> <!-- active -->
  <system-out/>
  <testcase classname="TestCase.TC_RelatedToWorkflows_meghana" name="Sendworkflow" time="0.000">
    <skipped/>
  </testcase> <!-- Sendworkflow -->
  <system-out/>
  <testcase classname="TestCase.TC_RelatedToWorkflows_meghana" name="actionEdit" time="0.000">
    <skipped/>
  </testcase> <!-- actionEdit -->
  <system-out/>
  <testcase classname="TestCase.TC_RelatedToWorkflows_meghana" name="actionViewWFData" time="0.000">
    <skipped/>
  </testcase> <!-- actionViewWFData -->
  <system-out/>
  <testcase classname="TestCase.TC_RelatedToWorkflows_meghana" name="actionViewWFDataSearch" time="0.000">
    <skipped/>
  </testcase> <!-- actionViewWFDataSearch -->
  <system-out/>
  <testcase classname="TestCase.TC_RelatedToWorkflows_meghana" name="actionViewWFDataStatusDraft" time="0.000">
    <skipped/>
  </testcase> <!-- actionViewWFDataStatusDraft -->
  <system-out/>
  <testcase classname="TestCase.TC_RelatedToWorkflows_meghana" name="actionViewWFDataStatusSent" time="0.000">
    <skipped/>
  </testcase> <!-- actionViewWFDataStatusSent -->
  <system-out/>
  <testcase classname="TestCase.TC_RelatedToWorkflows_meghana" name="actionViewWFDataStatusCompleted" time="0.000">
    <skipped/>
  </testcase> <!-- actionViewWFDataStatusCompleted -->
  <system-out/>
  <testcase classname="TestCase.TC_RelatedToWorkflows_meghana" name="actionViewWFDataSendWf" time="0.000">
    <skipped/>
  </testcase> <!-- actionViewWFDataSendWf -->
  <system-out/>
  <testcase classname="TestCase.TC_RelatedToWorkflows_meghana" name="actionViewWFBulkData" time="0.000">
    <skipped/>
  </testcase> <!-- actionViewWFBulkData -->
  <system-out/>
  <testcase classname="TestCase.TC_RelatedToWorkflows_meghana" name="actionViewWFDataBack" time="0.000">
    <skipped/>
  </testcase> <!-- actionViewWFDataBack -->
  <system-out/>
  <testcase classname="TestCase.TC_RelatedToWorkflows_meghana" name="actionRename" time="0.000">
    <skipped/>
  </testcase> <!-- actionRename -->
  <system-out/>
  <testcase classname="TestCase.TC_RelatedToWorkflows_meghana" name="actionInactive" time="0.000">
    <skipped/>
  </testcase> <!-- actionInactive -->
  <system-out/>
  <testcase classname="TestCase.TC_RelatedToWorkflows_meghana" name="StatusDraft" time="0.000">
    <skipped/>
  </testcase> <!-- StatusDraft -->
  <system-out/>
  <testcase classname="TestCase.TC_RelatedToWorkflows_meghana" name="StatusInProgress" time="0.000">
    <skipped/>
  </testcase> <!-- StatusInProgress -->
  <system-out/>
  <testcase classname="TestCase.TC_RelatedToWorkflows_meghana" name="StatusCompleted" time="0.001">
    <skipped/>
  </testcase> <!-- StatusCompleted -->
  <system-out/>
  <testcase classname="TestCase.TC_RelatedToWorkflows_meghana" name="StatusDraftActionsPermanentDelete" time="0.000">
    <skipped/>
  </testcase> <!-- StatusDraftActionsPermanentDelete -->
  <system-out/>
  <testcase classname="TestCase.TC_RelatedToWorkflows_meghana" name="StatusDraftActionsSendWF" time="0.000">
    <skipped/>
  </testcase> <!-- StatusDraftActionsSendWF -->
  <system-out/>
  <testcase classname="TestCase.TC_RelatedToWorkflows_meghana" name="WfResponseDraftBulkDelete" time="0.000">
    <skipped/>
  </testcase> <!-- WfResponseDraftBulkDelete -->
  <system-out/>
  <testcase classname="TestCase.TC_RelatedToWorkflows_meghana" name="WfResponseDraftBack" time="0.000">
    <skipped/>
  </testcase> <!-- WfResponseDraftBack -->
  <system-out/>
  <testcase classname="TestCase.TC_RelatedToWorkflows_meghana" name="WfResponseInProgressDelete" time="0.000">
    <skipped/>
  </testcase> <!-- WfResponseInProgressDelete -->
  <system-out/>
  <testcase classname="TestCase.TC_RelatedToWorkflows_meghana" name="WfResponseInProgressResend" time="0.000">
    <skipped/>
  </testcase> <!-- WfResponseInProgressResend -->
  <system-out/>
  <testcase classname="TestCase.TC_RelatedToWorkflows_meghana" name="WfResponseInProgressViewWF" time="0.000">
    <skipped/>
  </testcase> <!-- WfResponseInProgressViewWF -->
  <system-out/>
  <testcase classname="TestCase.TC_RelatedToWorkflows_meghana" name="WfResponseInProgressViewWFDelete" time="0.000">
    <skipped/>
  </testcase> <!-- WfResponseInProgressViewWFDelete -->
  <system-out/>
  <testcase classname="TestCase.TC_RelatedToWorkflows_meghana" name="WfResponseInProgressViewWFActionView" time="0.000">
    <skipped/>
  </testcase> <!-- WfResponseInProgressViewWFActionView -->
  <system-out/>
  <testcase classname="TestCase.TC_RelatedToWorkflows_meghana" name="WfResponseInProgressViewWFActionResend" time="0.000">
    <skipped/>
  </testcase> <!-- WfResponseInProgressViewWFActionResend -->
  <system-out/>
  <testcase classname="TestCase.TC_RelatedToWorkflows_meghana" name="WfResponseInprogressViewWFActionHistory" time="0.000">
    <skipped/>
  </testcase> <!-- WfResponseInprogressViewWFActionHistory -->
  <system-out/>
  <testcase classname="TestCase.TC_RelatedToWorkflows_meghana" name="WfResponseInprogressViewWFActionDownloadHistory" time="0.000">
    <skipped/>
  </testcase> <!-- WfResponseInprogressViewWFActionDownloadHistory -->
  <system-out/>
  <testcase classname="TestCase.TC_RelatedToWorkflows_meghana" name="WfResponseInprogressViewWFActionCorrectDocument" time="0.000">
    <skipped/>
  </testcase> <!-- WfResponseInprogressViewWFActionCorrectDocument -->
  <system-out/>
  <testcase classname="TestCase.TC_RelatedToWorkflows_meghana" name="WfResponseInprogressViewWFActionvoidDocument" time="0.000">
    <skipped/>
  </testcase> <!-- WfResponseInprogressViewWFActionvoidDocument -->
  <system-out/>
  <testcase classname="TestCase.TC_RelatedToWorkflows_meghana" name="WfResponseInprogressViewWFActionDeleteDocument" time="0.000">
    <skipped/>
  </testcase> <!-- WfResponseInprogressViewWFActionDeleteDocument -->
  <system-out/>
  <testcase classname="TestCase.TC_RelatedToWorkflows_meghana" name="WfResponseInprogressBackButton" time="0.000">
    <skipped/>
  </testcase> <!-- WfResponseInprogressBackButton -->
  <system-out/>
  <testcase classname="TestCase.TC_RelatedToWorkflows_meghana" name="WfResponseCompletedActionDelete" time="0.000">
    <skipped/>
  </testcase> <!-- WfResponseCompletedActionDelete -->
  <system-out/>
  <testcase classname="TestCase.TC_RelatedToWorkflows_meghana" name="WfResponseCompletedBulkDelete" time="0.000">
    <skipped/>
  </testcase> <!-- WfResponseCompletedBulkDelete -->
  <system-out/>
  <testcase classname="TestCase.TC_RelatedToWorkflows_meghana" name="WfResponseCompletedViewWF" time="0.000">
    <skipped/>
  </testcase> <!-- WfResponseCompletedViewWF -->
  <system-out/>
  <testcase classname="TestCase.TC_RelatedToWorkflows_meghana" name="WfResponseCompletedViewWFDownload" time="0.000">
    <skipped/>
  </testcase> <!-- WfResponseCompletedViewWFDownload -->
  <system-out/>
  <testcase classname="TestCase.TC_RelatedToWorkflows_meghana" name="WfResponseCompletedViewWFHistory" time="0.000">
    <skipped/>
  </testcase> <!-- WfResponseCompletedViewWFHistory -->
  <system-out/>
  <testcase classname="TestCase.TC_RelatedToWorkflows_meghana" name="WfResponseCompletedViewWFClone" time="0.000">
    <skipped/>
  </testcase> <!-- WfResponseCompletedViewWFClone -->
  <system-out/>
  <testcase classname="TestCase.TC_RelatedToWorkflows_meghana" name="WfResponseCompletedViewWFDelete" time="0.000">
    <skipped/>
  </testcase> <!-- WfResponseCompletedViewWFDelete -->
  <system-out/>
  <testcase classname="TestCase.TC_RelatedToWorkflows_meghana" name="verifyClickOnWFTitle" time="0.000">
    <skipped/>
  </testcase> <!-- verifyClickOnWFTitle -->
  <system-out/>
  <testcase classname="TestCase.TC_RelatedToWorkflows_meghana" name="verifyBuildPage" time="0.000">
    <skipped/>
  </testcase> <!-- verifyBuildPage -->
  <system-out/>
  <testcase classname="TestCase.TC_RelatedToWorkflows_meghana" name="verifyBuildPageviewTempViewTempUser" time="0.000">
    <skipped/>
  </testcase> <!-- verifyBuildPageviewTempViewTempUser -->
  <system-out/>
  <testcase classname="TestCase.TC_RelatedToWorkflows_meghana" name="verifyBuildPageviewTempSettings" time="0.000">
    <skipped/>
  </testcase> <!-- verifyBuildPageviewTempSettings -->
  <system-out/>
  <testcase classname="TestCase.TC_RelatedToWorkflows_meghana" name="verifyBuildPageviewTempDelete" time="0.000">
    <skipped/>
  </testcase> <!-- verifyBuildPageviewTempDelete -->
  <system-out/>
  <testcase classname="TestCase.TC_RelatedToWorkflows_meghana" name="verifyBuildPageviewTempRename" time="0.000">
    <skipped/>
  </testcase> <!-- verifyBuildPageviewTempRename -->
  <system-out/>
  <testcase classname="TestCase.TC_RelatedToWorkflows_meghana" name="verifyBuildPageviewTempSave" time="0.000">
    <skipped/>
  </testcase> <!-- verifyBuildPageviewTempSave -->
  <system-out/>
  <testcase classname="TestCase.TC_RelatedToWorkflows_meghana" name="verifyUserPageSelectRecipient" time="0.000">
    <skipped/>
  </testcase> <!-- verifyUserPageSelectRecipient -->
  <system-out/>
  <testcase classname="TestCase.TC_RelatedToWorkflows_meghana" name="verifyUserPageAddRecipient" time="0.000">
    <skipped/>
  </testcase> <!-- verifyUserPageAddRecipient -->
  <system-out/>
  <testcase classname="TestCase.TC_RelatedToWorkflows_meghana" name="verifyUserPageAddRecipientNextButton" time="0.000">
    <skipped/>
  </testcase> <!-- verifyUserPageAddRecipientNextButton -->
  <system-out/>
  <testcase classname="TestCase.TC_RelatedToWorkflows_meghana" name="wf" time="0.000">
    <skipped/>
  </testcase> <!-- wf -->
  <system-out/>
  <testcase classname="TestCase.TC_RelatedToWorkflows_meghana" name="preview" time="0.000">
    <skipped/>
  </testcase> <!-- preview -->
  <system-out/>
</testsuite> <!-- TestCase.TC_RelatedToWorkflows_meghana -->
