<?xml version="1.0" encoding="UTF-8"?>
<!-- Generated by org.testng.reporters.JUnitReportReporter -->
<testsuite hostname="HGT-LAP-310" failures="0" tests="1" name="TestCase.TestCases_Prudhvi2" time="147.471" errors="0" timestamp="2024-06-18T11:34:39 IST" skipped="0">
  <testcase classname="TestCase.TestCases_Prudhvi2" name="VerifyDaftsentdocument" time="147.471"/>
  <system-out/>
</testsuite> <!-- TestCase.TestCases_Prudhvi2 -->
