<?xml version="1.0" encoding="UTF-8"?>
<!-- Generated by org.testng.reporters.JUnitReportReporter -->
<testsuite hostname="HGT-LAP-310" failures="0" tests="20" name="TestCase.FormTemplate_Testcases" time="10.767" errors="1" timestamp="2024-05-10T11:30:29 IST" skipped="19">
  <testcase classname="TestCase.FormTemplate_Testcases" name="Start" time="10.767">
    <error type="java.lang.StackOverflowError">
      <![CDATA[java.lang.StackOverflowError
at Pages.FormTemplate.<init>(FormTemplate.java:44)
at Pages.FormTemplate.<init>(FormTemplate.java:44)
at Pages.FormTemplate.<init>(FormTemplate.java:44)
at Pages.FormTemplate.<init>(FormTemplate.java:44)
at Pages.FormTemplate.<init>(FormTemplate.java:44)
at Pages.FormTemplate.<init>(FormTemplate.java:44)
at Pages.FormTemplate.<init>(FormTemplate.java:44)
at Pages.FormTemplate.<init>(FormTemplate.java:44)
at Pages.FormTemplate.<init>(FormTemplate.java:44)
at Pages.FormTemplate.<init>(FormTemplate.java:44)
at Pages.FormTemplate.<init>(FormTemplate.java:44)
at Pages.FormTemplate.<init>(FormTemplate.java:44)
at Pages.FormTemplate.<init>(FormTemplate.java:44)
at Pages.FormTemplate.<init>(FormTemplate.java:44)
at Pages.FormTemplate.<init>(FormTemplate.java:44)
at Pages.FormTemplate.<init>(FormTemplate.java:44)
at Pages.FormTemplate.<init>(FormTemplate.java:44)
at Pages.FormTemplate.<init>(FormTemplate.java:44)
at Pages.FormTemplate.<init>(FormTemplate.java:44)
at Pages.FormTemplate.<init>(FormTemplate.java:44)
at Pages.FormTemplate.<init>(FormTemplate.java:44)
at Pages.FormTemplate.<init>(FormTemplate.java:44)
at Pages.FormTemplate.<init>(FormTemplate.java:44)
at Pages.FormTemplate.<init>(FormTemplate.java:44)
at Pages.FormTemplate.<init>(FormTemplate.java:44)
at Pages.FormTemplate.<init>(FormTemplate.java:44)
at Pages.FormTemplate.<init>(FormTemplate.java:44)
at Pages.FormTemplate.<init>(FormTemplate.java:44)
at Pages.FormTemplate.<init>(FormTemplate.java:44)
at Pages.FormTemplate.<init>(FormTemplate.java:44)
at Pages.FormTemplate.<init>(FormTemplate.java:44)
at Pages.FormTemplate.<init>(FormTemplate.java:44)
at Pages.FormTemplate.<init>(FormTemplate.java:44)
at Pages.FormTemplate.<init>(FormTemplate.java:44)
at Pages.FormTemplate.<init>(FormTemplate.java:44)
at Pages.FormTemplate.<init>(FormTemplate.java:44)
at Pages.FormTemplate.<init>(FormTemplate.java:44)
at Pages.FormTemplate.<init>(FormTemplate.java:44)
at Pages.FormTemplate.<init>(FormTemplate.java:44)
at Pages.FormTemplate.<init>(FormTemplate.java:44)
at Pages.FormTemplate.<init>(FormTemplate.java:44)
at Pages.FormTemplate.<init>(FormTemplate.java:44)
at Pages.FormTemplate.<init>(FormTemplate.java:44)
at Pages.FormTemplate.<init>(FormTemplate.java:44)
at Pages.FormTemplate.<init>(FormTemplate.java:44)
at Pages.FormTemplate.<init>(FormTemplate.java:44)
at Pages.FormTemplate.<init>(FormTemplate.java:44)
at Pages.FormTemplate.<init>(FormTemplate.java:44)
at Pages.FormTemplate.<init>(FormTemplate.java:44)
at Pages.FormTemplate.<init>(FormTemplate.java:44)
at Pages.FormTemplate.<init>(FormTemplate.java:44)
at Pages.FormTemplate.<init>(FormTemplate.java:44)
at Pages.FormTemplate.<init>(FormTemplate.java:44)
at Pages.FormTemplate.<init>(FormTemplate.java:44)
at Pages.FormTemplate.<init>(FormTemplate.java:44)
at Pages.FormTemplate.<init>(FormTemplate.java:44)
at Pages.FormTemplate.<init>(FormTemplate.java:44)
at Pages.FormTemplate.<init>(FormTemplate.java:44)
at Pages.FormTemplate.<init>(FormTemplate.java:44)
at Pages.FormTemplate.<init>(FormTemplate.java:44)
at Pages.FormTemplate.<init>(FormTemplate.java:44)
at Pages.FormTemplate.<init>(FormTemplate.java:44)
at Pages.FormTemplate.<init>(FormTemplate.java:44)
at Pages.FormTemplate.<init>(FormTemplate.java:44)
at Pages.FormTemplate.<init>(FormTemplate.java:44)
at Pages.FormTemplate.<init>(FormTemplate.java:44)
at Pages.FormTemplate.<init>(FormTemplate.java:44)
at Pages.FormTemplate.<init>(FormTemplate.java:44)
at Pages.FormTemplate.<init>(FormTemplate.java:44)
at Pages.FormTemplate.<init>(FormTemplate.java:44)
at Pages.FormTemplate.<init>(FormTemplate.java:44)
at Pages.FormTemplate.<init>(FormTemplate.java:44)
at Pages.FormTemplate.<init>(FormTemplate.java:44)
at Pages.FormTemplate.<init>(FormTemplate.java:44)
at Pages.FormTemplate.<init>(FormTemplate.java:44)
at Pages.FormTemplate.<init>(FormTemplate.java:44)
at Pages.FormTemplate.<init>(FormTemplate.java:44)
at Pages.FormTemplate.<init>(FormTemplate.java:44)
at Pages.FormTemplate.<init>(FormTemplate.java:44)
at Pages.FormTemplate.<init>(FormTemplate.java:44)
at Pages.FormTemplate.<init>(FormTemplate.java:44)
at Pages.FormTemplate.<init>(FormTemplate.java:44)
at Pages.FormTemplate.<init>(FormTemplate.java:44)
at Pages.FormTemplate.<init>(FormTemplate.java:44)
at Pages.FormTemplate.<init>(FormTemplate.java:44)
at Pages.FormTemplate.<init>(FormTemplate.java:44)
at Pages.FormTemplate.<init>(FormTemplate.java:44)
at Pages.FormTemplate.<init>(FormTemplate.java:44)
at Pages.FormTemplate.<init>(FormTemplate.java:44)
at Pages.FormTemplate.<init>(FormTemplate.java:44)
at Pages.FormTemplate.<init>(FormTemplate.java:44)
at Pages.FormTemplate.<init>(FormTemplate.java:44)
at Pages.FormTemplate.<init>(FormTemplate.java:44)
at Pages.FormTemplate.<init>(FormTemplate.java:44)
at Pages.FormTemplate.<init>(FormTemplate.java:44)
at Pages.FormTemplate.<init>(FormTemplate.java:44)
at Pages.FormTemplate.<init>(FormTemplate.java:44)
at Pages.FormTemplate.<init>(FormTemplate.java:44)
at Pages.FormTemplate.<init>(FormTemplate.java:44)
at Pages.FormTemplate.<init>(FormTemplate.java:44)
at Pages.FormTemplate.<init>(FormTemplate.java:44)
at Pages.FormTemplate.<init>(FormTemplate.java:44)
at Pages.FormTemplate.<init>(FormTemplate.java:44)
at Pages.FormTemplate.<init>(FormTemplate.java:44)
at Pages.FormTemplate.<init>(FormTemplate.java:44)
at Pages.FormTemplate.<init>(FormTemplate.java:44)
at Pages.FormTemplate.<init>(FormTemplate.java:44)
at Pages.FormTemplate.<init>(FormTemplate.java:44)
at Pages.FormTemplate.<init>(FormTemplate.java:44)
at Pages.FormTemplate.<init>(FormTemplate.java:44)
at Pages.FormTemplate.<init>(FormTemplate.java:44)
at Pages.FormTemplate.<init>(FormTemplate.java:44)
at Pages.FormTemplate.<init>(FormTemplate.java:44)
at Pages.FormTemplate.<init>(FormTemplate.java:44)
at Pages.FormTemplate.<init>(FormTemplate.java:44)
at Pages.FormTemplate.<init>(FormTemplate.java:44)
at Pages.FormTemplate.<init>(FormTemplate.java:44)
at Pages.FormTemplate.<init>(FormTemplate.java:44)
at Pages.FormTemplate.<init>(FormTemplate.java:44)
at Pages.FormTemplate.<init>(FormTemplate.java:44)
at Pages.FormTemplate.<init>(FormTemplate.java:44)
at Pages.FormTemplate.<init>(FormTemplate.java:44)
at Pages.FormTemplate.<init>(FormTemplate.java:44)
at Pages.FormTemplate.<init>(FormTemplate.java:44)
at Pages.FormTemplate.<init>(FormTemplate.java:44)
at Pages.FormTemplate.<init>(FormTemplate.java:44)
at Pages.FormTemplate.<init>(FormTemplate.java:44)
at Pages.FormTemplate.<init>(FormTemplate.java:44)
at Pages.FormTemplate.<init>(FormTemplate.java:44)
at Pages.FormTemplate.<init>(FormTemplate.java:44)
at Pages.FormTemplate.<init>(FormTemplate.java:44)
at Pages.FormTemplate.<init>(FormTemplate.java:44)
at Pages.FormTemplate.<init>(FormTemplate.java:44)
at Pages.FormTemplate.<init>(FormTemplate.java:44)
at Pages.FormTemplate.<init>(FormTemplate.java:44)
at Pages.FormTemplate.<init>(FormTemplate.java:44)
at Pages.FormTemplate.<init>(FormTemplate.java:44)
at Pages.FormTemplate.<init>(FormTemplate.java:44)
at Pages.FormTemplate.<init>(FormTemplate.java:44)
at Pages.FormTemplate.<init>(FormTemplate.java:44)
at Pages.FormTemplate.<init>(FormTemplate.java:44)
at Pages.FormTemplate.<init>(FormTemplate.java:44)
at Pages.FormTemplate.<init>(FormTemplate.java:44)
at Pages.FormTemplate.<init>(FormTemplate.java:44)
at Pages.FormTemplate.<init>(FormTemplate.java:44)
at Pages.FormTemplate.<init>(FormTemplate.java:44)
at Pages.FormTemplate.<init>(FormTemplate.java:44)
at Pages.FormTemplate.<init>(FormTemplate.java:44)
at Pages.FormTemplate.<init>(FormTemplate.java:44)
at Pages.FormTemplate.<init>(FormTemplate.java:44)
at Pages.FormTemplate.<init>(FormTemplate.java:44)
at Pages.FormTemplate.<init>(FormTemplate.java:44)
at Pages.FormTemplate.<init>(FormTemplate.java:44)
at Pages.FormTemplate.<init>(FormTemplate.java:44)
at Pages.FormTemplate.<init>(FormTemplate.java:44)
at Pages.FormTemplate.<init>(FormTemplate.java:44)
at Pages.FormTemplate.<init>(FormTemplate.java:44)
at Pages.FormTemplate.<init>(FormTemplate.java:44)
at Pages.FormTemplate.<init>(FormTemplate.java:44)
at Pages.FormTemplate.<init>(FormTemplate.java:44)
at Pages.FormTemplate.<init>(FormTemplate.java:44)
at Pages.FormTemplate.<init>(FormTemplate.java:44)
at Pages.FormTemplate.<init>(FormTemplate.java:44)
at Pages.FormTemplate.<init>(FormTemplate.java:44)
at Pages.FormTemplate.<init>(FormTemplate.java:44)
at Pages.FormTemplate.<init>(FormTemplate.java:44)
at Pages.FormTemplate.<init>(FormTemplate.java:44)
at Pages.FormTemplate.<init>(FormTemplate.java:44)
at Pages.FormTemplate.<init>(FormTemplate.java:44)
at Pages.FormTemplate.<init>(FormTemplate.java:44)
at Pages.FormTemplate.<init>(FormTemplate.java:44)
at Pages.FormTemplate.<init>(FormTemplate.java:44)
at Pages.FormTemplate.<init>(FormTemplate.java:44)
at Pages.FormTemplate.<init>(FormTemplate.java:44)
at Pages.FormTemplate.<init>(FormTemplate.java:44)
at Pages.FormTemplate.<init>(FormTemplate.java:44)
at Pages.FormTemplate.<init>(FormTemplate.java:44)
at Pages.FormTemplate.<init>(FormTemplate.java:44)
at Pages.FormTemplate.<init>(FormTemplate.java:44)
at Pages.FormTemplate.<init>(FormTemplate.java:44)
at Pages.FormTemplate.<init>(FormTemplate.java:44)
at Pages.FormTemplate.<init>(FormTemplate.java:44)
at Pages.FormTemplate.<init>(FormTemplate.java:44)
at Pages.FormTemplate.<init>(FormTemplate.java:44)
at Pages.FormTemplate.<init>(FormTemplate.java:44)
at Pages.FormTemplate.<init>(FormTemplate.java:44)
at Pages.FormTemplate.<init>(FormTemplate.java:44)
at Pages.FormTemplate.<init>(FormTemplate.java:44)
at Pages.FormTemplate.<init>(FormTemplate.java:44)
at Pages.FormTemplate.<init>(FormTemplate.java:44)
at Pages.FormTemplate.<init>(FormTemplate.java:44)
at Pages.FormTemplate.<init>(FormTemplate.java:44)
at Pages.FormTemplate.<init>(FormTemplate.java:44)
at Pages.FormTemplate.<init>(FormTemplate.java:44)
at Pages.FormTemplate.<init>(FormTemplate.java:44)
at Pages.FormTemplate.<init>(FormTemplate.java:44)
at Pages.FormTemplate.<init>(FormTemplate.java:44)
at Pages.FormTemplate.<init>(FormTemplate.java:44)
at Pages.FormTemplate.<init>(FormTemplate.java:44)
at Pages.FormTemplate.<init>(FormTemplate.java:44)
at Pages.FormTemplate.<init>(FormTemplate.java:44)
at Pages.FormTemplate.<init>(FormTemplate.java:44)
at Pages.FormTemplate.<init>(FormTemplate.java:44)
at Pages.FormTemplate.<init>(FormTemplate.java:44)
at Pages.FormTemplate.<init>(FormTemplate.java:44)
at Pages.FormTemplate.<init>(FormTemplate.java:44)
at Pages.FormTemplate.<init>(FormTemplate.java:44)
at Pages.FormTemplate.<init>(FormTemplate.java:44)
at Pages.FormTemplate.<init>(FormTemplate.java:44)
at Pages.FormTemplate.<init>(FormTemplate.java:44)
at Pages.FormTemplate.<init>(FormTemplate.java:44)
at Pages.FormTemplate.<init>(FormTemplate.java:44)
at Pages.FormTemplate.<init>(FormTemplate.java:44)
at Pages.FormTemplate.<init>(FormTemplate.java:44)
at Pages.FormTemplate.<init>(FormTemplate.java:44)
at Pages.FormTemplate.<init>(FormTemplate.java:44)
at Pages.FormTemplate.<init>(FormTemplate.java:44)
at Pages.FormTemplate.<init>(FormTemplate.java:44)
at Pages.FormTemplate.<init>(FormTemplate.java:44)
at Pages.FormTemplate.<init>(FormTemplate.java:44)
at Pages.FormTemplate.<init>(FormTemplate.java:44)
at Pages.FormTemplate.<init>(FormTemplate.java:44)
at Pages.FormTemplate.<init>(FormTemplate.java:44)
at Pages.FormTemplate.<init>(FormTemplate.java:44)
at Pages.FormTemplate.<init>(FormTemplate.java:44)
at Pages.FormTemplate.<init>(FormTemplate.java:44)
at Pages.FormTemplate.<init>(FormTemplate.java:44)
at Pages.FormTemplate.<init>(FormTemplate.java:44)
at Pages.FormTemplate.<init>(FormTemplate.java:44)
at Pages.FormTemplate.<init>(FormTemplate.java:44)
at Pages.FormTemplate.<init>(FormTemplate.java:44)
at Pages.FormTemplate.<init>(FormTemplate.java:44)
at Pages.FormTemplate.<init>(FormTemplate.java:44)
at Pages.FormTemplate.<init>(FormTemplate.java:44)
at Pages.FormTemplate.<init>(FormTemplate.java:44)
at Pages.FormTemplate.<init>(FormTemplate.java:44)
at Pages.FormTemplate.<init>(FormTemplate.java:44)
at Pages.FormTemplate.<init>(FormTemplate.java:44)
at Pages.FormTemplate.<init>(FormTemplate.java:44)
at Pages.FormTemplate.<init>(FormTemplate.java:44)
at Pages.FormTemplate.<init>(FormTemplate.java:44)
at Pages.FormTemplate.<init>(FormTemplate.java:44)
at Pages.FormTemplate.<init>(FormTemplate.java:44)
at Pages.FormTemplate.<init>(FormTemplate.java:44)
at Pages.FormTemplate.<init>(FormTemplate.java:44)
at Pages.FormTemplate.<init>(FormTemplate.java:44)
at Pages.FormTemplate.<init>(FormTemplate.java:44)
at Pages.FormTemplate.<init>(FormTemplate.java:44)
at Pages.FormTemplate.<init>(FormTemplate.java:44)
at Pages.FormTemplate.<init>(FormTemplate.java:44)
at Pages.FormTemplate.<init>(FormTemplate.java:44)
at Pages.FormTemplate.<init>(FormTemplate.java:44)
at Pages.FormTemplate.<init>(FormTemplate.java:44)
at Pages.FormTemplate.<init>(FormTemplate.java:44)
at Pages.FormTemplate.<init>(FormTemplate.java:44)
at Pages.FormTemplate.<init>(FormTemplate.java:44)
at Pages.FormTemplate.<init>(FormTemplate.java:44)
at Pages.FormTemplate.<init>(FormTemplate.java:44)
at Pages.FormTemplate.<init>(FormTemplate.java:44)
at Pages.FormTemplate.<init>(FormTemplate.java:44)
at Pages.FormTemplate.<init>(FormTemplate.java:44)
at Pages.FormTemplate.<init>(FormTemplate.java:44)
at Pages.FormTemplate.<init>(FormTemplate.java:44)
at Pages.FormTemplate.<init>(FormTemplate.java:44)
at Pages.FormTemplate.<init>(FormTemplate.java:44)
at Pages.FormTemplate.<init>(FormTemplate.java:44)
at Pages.FormTemplate.<init>(FormTemplate.java:44)
at Pages.FormTemplate.<init>(FormTemplate.java:44)
at Pages.FormTemplate.<init>(FormTemplate.java:44)
at Pages.FormTemplate.<init>(FormTemplate.java:44)
at Pages.FormTemplate.<init>(FormTemplate.java:44)
at Pages.FormTemplate.<init>(FormTemplate.java:44)
at Pages.FormTemplate.<init>(FormTemplate.java:44)
at Pages.FormTemplate.<init>(FormTemplate.java:44)
at Pages.FormTemplate.<init>(FormTemplate.java:44)
at Pages.FormTemplate.<init>(FormTemplate.java:44)
at Pages.FormTemplate.<init>(FormTemplate.java:44)
at Pages.FormTemplate.<init>(FormTemplate.java:44)
at Pages.FormTemplate.<init>(FormTemplate.java:44)
at Pages.FormTemplate.<init>(FormTemplate.java:44)
at Pages.FormTemplate.<init>(FormTemplate.java:44)
at Pages.FormTemplate.<init>(FormTemplate.java:44)
at Pages.FormTemplate.<init>(FormTemplate.java:44)
at Pages.FormTemplate.<init>(FormTemplate.java:44)
at Pages.FormTemplate.<init>(FormTemplate.java:44)
at Pages.FormTemplate.<init>(FormTemplate.java:44)
at Pages.FormTemplate.<init>(FormTemplate.java:44)
at Pages.FormTemplate.<init>(FormTemplate.java:44)
at Pages.FormTemplate.<init>(FormTemplate.java:44)
at Pages.FormTemplate.<init>(FormTemplate.java:44)
at Pages.FormTemplate.<init>(FormTemplate.java:44)
at Pages.FormTemplate.<init>(FormTemplate.java:44)
at Pages.FormTemplate.<init>(FormTemplate.java:44)
at Pages.FormTemplate.<init>(FormTemplate.java:44)
at Pages.FormTemplate.<init>(FormTemplate.java:44)
at Pages.FormTemplate.<init>(FormTemplate.java:44)
at Pages.FormTemplate.<init>(FormTemplate.java:44)
at Pages.FormTemplate.<init>(FormTemplate.java:44)
at Pages.FormTemplate.<init>(FormTemplate.java:44)
at Pages.FormTemplate.<init>(FormTemplate.java:44)
at Pages.FormTemplate.<init>(FormTemplate.java:44)
at Pages.FormTemplate.<init>(FormTemplate.java:44)
at Pages.FormTemplate.<init>(FormTemplate.java:44)
at Pages.FormTemplate.<init>(FormTemplate.java:44)
at Pages.FormTemplate.<init>(FormTemplate.java:44)
at Pages.FormTemplate.<init>(FormTemplate.java:44)
at Pages.FormTemplate.<init>(FormTemplate.java:44)
at Pages.FormTemplate.<init>(FormTemplate.java:44)
at Pages.FormTemplate.<init>(FormTemplate.java:44)
at Pages.FormTemplate.<init>(FormTemplate.java:44)
at Pages.FormTemplate.<init>(FormTemplate.java:44)
at Pages.FormTemplate.<init>(FormTemplate.java:44)
at Pages.FormTemplate.<init>(FormTemplate.java:44)
at Pages.FormTemplate.<init>(FormTemplate.java:44)
at Pages.FormTemplate.<init>(FormTemplate.java:44)
at Pages.FormTemplate.<init>(FormTemplate.java:44)
at Pages.FormTemplate.<init>(FormTemplate.java:44)
at Pages.FormTemplate.<init>(FormTemplate.java:44)
at Pages.FormTemplate.<init>(FormTemplate.java:44)
at Pages.FormTemplate.<init>(FormTemplate.java:44)
at Pages.FormTemplate.<init>(FormTemplate.java:44)
at Pages.FormTemplate.<init>(FormTemplate.java:44)
at Pages.FormTemplate.<init>(FormTemplate.java:44)
at Pages.FormTemplate.<init>(FormTemplate.java:44)
at Pages.FormTemplate.<init>(FormTemplate.java:44)
at Pages.FormTemplate.<init>(FormTemplate.java:44)
at Pages.FormTemplate.<init>(FormTemplate.java:44)
at Pages.FormTemplate.<init>(FormTemplate.java:44)
at Pages.FormTemplate.<init>(FormTemplate.java:44)
at Pages.FormTemplate.<init>(FormTemplate.java:44)
at Pages.FormTemplate.<init>(FormTemplate.java:44)
at Pages.FormTemplate.<init>(FormTemplate.java:44)
at Pages.FormTemplate.<init>(FormTemplate.java:44)
at Pages.FormTemplate.<init>(FormTemplate.java:44)
at Pages.FormTemplate.<init>(FormTemplate.java:44)
at Pages.FormTemplate.<init>(FormTemplate.java:44)
at Pages.FormTemplate.<init>(FormTemplate.java:44)
at Pages.FormTemplate.<init>(FormTemplate.java:44)
at Pages.FormTemplate.<init>(FormTemplate.java:44)
at Pages.FormTemplate.<init>(FormTemplate.java:44)
at Pages.FormTemplate.<init>(FormTemplate.java:44)
at Pages.FormTemplate.<init>(FormTemplate.java:44)
at Pages.FormTemplate.<init>(FormTemplate.java:44)
at Pages.FormTemplate.<init>(FormTemplate.java:44)
at Pages.FormTemplate.<init>(FormTemplate.java:44)
at Pages.FormTemplate.<init>(FormTemplate.java:44)
at Pages.FormTemplate.<init>(FormTemplate.java:44)
at Pages.FormTemplate.<init>(FormTemplate.java:44)
at Pages.FormTemplate.<init>(FormTemplate.java:44)
at Pages.FormTemplate.<init>(FormTemplate.java:44)
at Pages.FormTemplate.<init>(FormTemplate.java:44)
at Pages.FormTemplate.<init>(FormTemplate.java:44)
at Pages.FormTemplate.<init>(FormTemplate.java:44)
at Pages.FormTemplate.<init>(FormTemplate.java:44)
at Pages.FormTemplate.<init>(FormTemplate.java:44)
at Pages.FormTemplate.<init>(FormTemplate.java:44)
at Pages.FormTemplate.<init>(FormTemplate.java:44)
at Pages.FormTemplate.<init>(FormTemplate.java:44)
at Pages.FormTemplate.<init>(FormTemplate.java:44)
at Pages.FormTemplate.<init>(FormTemplate.java:44)
at Pages.FormTemplate.<init>(FormTemplate.java:44)
at Pages.FormTemplate.<init>(FormTemplate.java:44)
at Pages.FormTemplate.<init>(FormTemplate.java:44)
at Pages.FormTemplate.<init>(FormTemplate.java:44)
at Pages.FormTemplate.<init>(FormTemplate.java:44)
at Pages.FormTemplate.<init>(FormTemplate.java:44)
at Pages.FormTemplate.<init>(FormTemplate.java:44)
at Pages.FormTemplate.<init>(FormTemplate.java:44)
at Pages.FormTemplate.<init>(FormTemplate.java:44)
at Pages.FormTemplate.<init>(FormTemplate.java:44)
at Pages.FormTemplate.<init>(FormTemplate.java:44)
at Pages.FormTemplate.<init>(FormTemplate.java:44)
at Pages.FormTemplate.<init>(FormTemplate.java:44)
at Pages.FormTemplate.<init>(FormTemplate.java:44)
at Pages.FormTemplate.<init>(FormTemplate.java:44)
at Pages.FormTemplate.<init>(FormTemplate.java:44)
at Pages.FormTemplate.<init>(FormTemplate.java:44)
at Pages.FormTemplate.<init>(FormTemplate.java:44)
at Pages.FormTemplate.<init>(FormTemplate.java:44)
at Pages.FormTemplate.<init>(FormTemplate.java:44)
at Pages.FormTemplate.<init>(FormTemplate.java:44)
at Pages.FormTemplate.<init>(FormTemplate.java:44)
at Pages.FormTemplate.<init>(FormTemplate.java:44)
at Pages.FormTemplate.<init>(FormTemplate.java:44)
at Pages.FormTemplate.<init>(FormTemplate.java:44)
at Pages.FormTemplate.<init>(FormTemplate.java:44)
at Pages.FormTemplate.<init>(FormTemplate.java:44)
at Pages.FormTemplate.<init>(FormTemplate.java:44)
at Pages.FormTemplate.<init>(FormTemplate.java:44)
at Pages.FormTemplate.<init>(FormTemplate.java:44)
at Pages.FormTemplate.<init>(FormTemplate.java:44)
at Pages.FormTemplate.<init>(FormTemplate.java:44)
at Pages.FormTemplate.<init>(FormTemplate.java:44)
at Pages.FormTemplate.<init>(FormTemplate.java:44)
at Pages.FormTemplate.<init>(FormTemplate.java:44)
at Pages.FormTemplate.<init>(FormTemplate.java:44)
at Pages.FormTemplate.<init>(FormTemplate.java:44)
at Pages.FormTemplate.<init>(FormTemplate.java:44)
at Pages.FormTemplate.<init>(FormTemplate.java:44)
at Pages.FormTemplate.<init>(FormTemplate.java:44)
at Pages.FormTemplate.<init>(FormTemplate.java:44)
at Pages.FormTemplate.<init>(FormTemplate.java:44)
at Pages.FormTemplate.<init>(FormTemplate.java:44)
at Pages.FormTemplate.<init>(FormTemplate.java:44)
at Pages.FormTemplate.<init>(FormTemplate.java:44)
at Pages.FormTemplate.<init>(FormTemplate.java:44)
at Pages.FormTemplate.<init>(FormTemplate.java:44)
at Pages.FormTemplate.<init>(FormTemplate.java:44)
at Pages.FormTemplate.<init>(FormTemplate.java:44)
at Pages.FormTemplate.<init>(FormTemplate.java:44)
at Pages.FormTemplate.<init>(FormTemplate.java:44)
at Pages.FormTemplate.<init>(FormTemplate.java:44)
at Pages.FormTemplate.<init>(FormTemplate.java:44)
at Pages.FormTemplate.<init>(FormTemplate.java:44)
at Pages.FormTemplate.<init>(FormTemplate.java:44)
at Pages.FormTemplate.<init>(FormTemplate.java:44)
at Pages.FormTemplate.<init>(FormTemplate.java:44)
at Pages.FormTemplate.<init>(FormTemplate.java:44)
at Pages.FormTemplate.<init>(FormTemplate.java:44)
at Pages.FormTemplate.<init>(FormTemplate.java:44)
at Pages.FormTemplate.<init>(FormTemplate.java:44)
at Pages.FormTemplate.<init>(FormTemplate.java:44)
at Pages.FormTemplate.<init>(FormTemplate.java:44)
at Pages.FormTemplate.<init>(FormTemplate.java:44)
at Pages.FormTemplate.<init>(FormTemplate.java:44)
at Pages.FormTemplate.<init>(FormTemplate.java:44)
at Pages.FormTemplate.<init>(FormTemplate.java:44)
at Pages.FormTemplate.<init>(FormTemplate.java:44)
at Pages.FormTemplate.<init>(FormTemplate.java:44)
at Pages.FormTemplate.<init>(FormTemplate.java:44)
at Pages.FormTemplate.<init>(FormTemplate.java:44)
at Pages.FormTemplate.<init>(FormTemplate.java:44)
at Pages.FormTemplate.<init>(FormTemplate.java:44)
at Pages.FormTemplate.<init>(FormTemplate.java:44)
at Pages.FormTemplate.<init>(FormTemplate.java:44)
at Pages.FormTemplate.<init>(FormTemplate.java:44)
at Pages.FormTemplate.<init>(FormTemplate.java:44)
at Pages.FormTemplate.<init>(FormTemplate.java:44)
at Pages.FormTemplate.<init>(FormTemplate.java:44)
at Pages.FormTemplate.<init>(FormTemplate.java:44)
at Pages.FormTemplate.<init>(FormTemplate.java:44)
at Pages.FormTemplate.<init>(FormTemplate.java:44)
at Pages.FormTemplate.<init>(FormTemplate.java:44)
at Pages.FormTemplate.<init>(FormTemplate.java:44)
at Pages.FormTemplate.<init>(FormTemplate.java:44)
at Pages.FormTemplate.<init>(FormTemplate.java:44)
at Pages.FormTemplate.<init>(FormTemplate.java:44)
at Pages.FormTemplate.<init>(FormTemplate.java:44)
at Pages.FormTemplate.<init>(FormTemplate.java:44)
at Pages.FormTemplate.<init>(FormTemplate.java:44)
at Pages.FormTemplate.<init>(FormTemplate.java:44)
at Pages.FormTemplate.<init>(FormTemplate.java:44)
at Pages.FormTemplate.<init>(FormTemplate.java:44)
at Pages.FormTemplate.<init>(FormTemplate.java:44)
at Pages.FormTemplate.<init>(FormTemplate.java:44)
at Pages.FormTemplate.<init>(FormTemplate.java:44)
at Pages.FormTemplate.<init>(FormTemplate.java:44)
at Pages.FormTemplate.<init>(FormTemplate.java:44)
at Pages.FormTemplate.<init>(FormTemplate.java:44)
at Pages.FormTemplate.<init>(FormTemplate.java:44)
at Pages.FormTemplate.<init>(FormTemplate.java:44)
at Pages.FormTemplate.<init>(FormTemplate.java:44)
at Pages.FormTemplate.<init>(FormTemplate.java:44)
at Pages.FormTemplate.<init>(FormTemplate.java:44)
at Pages.FormTemplate.<init>(FormTemplate.java:44)
at Pages.FormTemplate.<init>(FormTemplate.java:44)
at Pages.FormTemplate.<init>(FormTemplate.java:44)
at Pages.FormTemplate.<init>(FormTemplate.java:44)
at Pages.FormTemplate.<init>(FormTemplate.java:44)
at Pages.FormTemplate.<init>(FormTemplate.java:44)
at Pages.FormTemplate.<init>(FormTemplate.java:44)
at Pages.FormTemplate.<init>(FormTemplate.java:44)
at Pages.FormTemplate.<init>(FormTemplate.java:44)
at Pages.FormTemplate.<init>(FormTemplate.java:44)
at Pages.FormTemplate.<init>(FormTemplate.java:44)
at Pages.FormTemplate.<init>(FormTemplate.java:44)
at Pages.FormTemplate.<init>(FormTemplate.java:44)
at Pages.FormTemplate.<init>(FormTemplate.java:44)
at Pages.FormTemplate.<init>(FormTemplate.java:44)
at Pages.FormTemplate.<init>(FormTemplate.java:44)
at Pages.FormTemplate.<init>(FormTemplate.java:44)
at Pages.FormTemplate.<init>(FormTemplate.java:44)
at Pages.FormTemplate.<init>(FormTemplate.java:44)
at Pages.FormTemplate.<init>(FormTemplate.java:44)
at Pages.FormTemplate.<init>(FormTemplate.java:44)
at Pages.FormTemplate.<init>(FormTemplate.java:44)
at Pages.FormTemplate.<init>(FormTemplate.java:44)
at Pages.FormTemplate.<init>(FormTemplate.java:44)
at Pages.FormTemplate.<init>(FormTemplate.java:44)
at Pages.FormTemplate.<init>(FormTemplate.java:44)
at Pages.FormTemplate.<init>(FormTemplate.java:44)
at Pages.FormTemplate.<init>(FormTemplate.java:44)
at Pages.FormTemplate.<init>(FormTemplate.java:44)
at Pages.FormTemplate.<init>(FormTemplate.java:44)
at Pages.FormTemplate.<init>(FormTemplate.java:44)
at Pages.FormTemplate.<init>(FormTemplate.java:44)
at Pages.FormTemplate.<init>(FormTemplate.java:44)
at Pages.FormTemplate.<init>(FormTemplate.java:44)
at Pages.FormTemplate.<init>(FormTemplate.java:44)
at Pages.FormTemplate.<init>(FormTemplate.java:44)
at Pages.FormTemplate.<init>(FormTemplate.java:44)
at Pages.FormTemplate.<init>(FormTemplate.java:44)
at Pages.FormTemplate.<init>(FormTemplate.java:44)
at Pages.FormTemplate.<init>(FormTemplate.java:44)
at Pages.FormTemplate.<init>(FormTemplate.java:44)
at Pages.FormTemplate.<init>(FormTemplate.java:44)
at Pages.FormTemplate.<init>(FormTemplate.java:44)
at Pages.FormTemplate.<init>(FormTemplate.java:44)
at Pages.FormTemplate.<init>(FormTemplate.java:44)
at Pages.FormTemplate.<init>(FormTemplate.java:44)
at Pages.FormTemplate.<init>(FormTemplate.java:44)
at Pages.FormTemplate.<init>(FormTemplate.java:44)
at Pages.FormTemplate.<init>(FormTemplate.java:44)
at Pages.FormTemplate.<init>(FormTemplate.java:44)
at Pages.FormTemplate.<init>(FormTemplate.java:44)
at Pages.FormTemplate.<init>(FormTemplate.java:44)
at Pages.FormTemplate.<init>(FormTemplate.java:44)
at Pages.FormTemplate.<init>(FormTemplate.java:44)
at Pages.FormTemplate.<init>(FormTemplate.java:44)
at Pages.FormTemplate.<init>(FormTemplate.java:44)
at Pages.FormTemplate.<init>(FormTemplate.java:44)
at Pages.FormTemplate.<init>(FormTemplate.java:44)
at Pages.FormTemplate.<init>(FormTemplate.java:44)
at Pages.FormTemplate.<init>(FormTemplate.java:44)
at Pages.FormTemplate.<init>(FormTemplate.java:44)
at Pages.FormTemplate.<init>(FormTemplate.java:44)
at Pages.FormTemplate.<init>(FormTemplate.java:44)
at Pages.FormTemplate.<init>(FormTemplate.java:44)
at Pages.FormTemplate.<init>(FormTemplate.java:44)
at Pages.FormTemplate.<init>(FormTemplate.java:44)
at Pages.FormTemplate.<init>(FormTemplate.java:44)
at Pages.FormTemplate.<init>(FormTemplate.java:44)
at Pages.FormTemplate.<init>(FormTemplate.java:44)
at Pages.FormTemplate.<init>(FormTemplate.java:44)
at Pages.FormTemplate.<init>(FormTemplate.java:44)
at Pages.FormTemplate.<init>(FormTemplate.java:44)
at Pages.FormTemplate.<init>(FormTemplate.java:44)
at Pages.FormTemplate.<init>(FormTemplate.java:44)
at Pages.FormTemplate.<init>(FormTemplate.java:44)
at Pages.FormTemplate.<init>(FormTemplate.java:44)
at Pages.FormTemplate.<init>(FormTemplate.java:44)
at Pages.FormTemplate.<init>(FormTemplate.java:44)
at Pages.FormTemplate.<init>(FormTemplate.java:44)
at Pages.FormTemplate.<init>(FormTemplate.java:44)
at Pages.FormTemplate.<init>(FormTemplate.java:44)
at Pages.FormTemplate.<init>(FormTemplate.java:44)
at Pages.FormTemplate.<init>(FormTemplate.java:44)
at Pages.FormTemplate.<init>(FormTemplate.java:44)
at Pages.FormTemplate.<init>(FormTemplate.java:44)
at Pages.FormTemplate.<init>(FormTemplate.java:44)
at Pages.FormTemplate.<init>(FormTemplate.java:44)
at Pages.FormTemplate.<init>(FormTemplate.java:44)
at Pages.FormTemplate.<init>(FormTemplate.java:44)
at Pages.FormTemplate.<init>(FormTemplate.java:44)
at Pages.FormTemplate.<init>(FormTemplate.java:44)
at Pages.FormTemplate.<init>(FormTemplate.java:44)
at Pages.FormTemplate.<init>(FormTemplate.java:44)
at Pages.FormTemplate.<init>(FormTemplate.java:44)
at Pages.FormTemplate.<init>(FormTemplate.java:44)
at Pages.FormTemplate.<init>(FormTemplate.java:44)
at Pages.FormTemplate.<init>(FormTemplate.java:44)
at Pages.FormTemplate.<init>(FormTemplate.java:44)
at Pages.FormTemplate.<init>(FormTemplate.java:44)
at Pages.FormTemplate.<init>(FormTemplate.java:44)
at Pages.FormTemplate.<init>(FormTemplate.java:44)
at Pages.FormTemplate.<init>(FormTemplate.java:44)
at Pages.FormTemplate.<init>(FormTemplate.java:44)
at Pages.FormTemplate.<init>(FormTemplate.java:44)
at Pages.FormTemplate.<init>(FormTemplate.java:44)
at Pages.FormTemplate.<init>(FormTemplate.java:44)
at Pages.FormTemplate.<init>(FormTemplate.java:44)
at Pages.FormTemplate.<init>(FormTemplate.java:44)
at Pages.FormTemplate.<init>(FormTemplate.java:44)
at Pages.FormTemplate.<init>(FormTemplate.java:44)
at Pages.FormTemplate.<init>(FormTemplate.java:44)
at Pages.FormTemplate.<init>(FormTemplate.java:44)
at Pages.FormTemplate.<init>(FormTemplate.java:44)
at Pages.FormTemplate.<init>(FormTemplate.java:44)
at Pages.FormTemplate.<init>(FormTemplate.java:44)
at Pages.FormTemplate.<init>(FormTemplate.java:44)
at Pages.FormTemplate.<init>(FormTemplate.java:44)
at Pages.FormTemplate.<init>(FormTemplate.java:44)
at Pages.FormTemplate.<init>(FormTemplate.java:44)
at Pages.FormTemplate.<init>(FormTemplate.java:44)
at Pages.FormTemplate.<init>(FormTemplate.java:44)
at Pages.FormTemplate.<init>(FormTemplate.java:44)
at Pages.FormTemplate.<init>(FormTemplate.java:44)
at Pages.FormTemplate.<init>(FormTemplate.java:44)
at Pages.FormTemplate.<init>(FormTemplate.java:44)
at Pages.FormTemplate.<init>(FormTemplate.java:44)
at Pages.FormTemplate.<init>(FormTemplate.java:44)
at Pages.FormTemplate.<init>(FormTemplate.java:44)
at Pages.FormTemplate.<init>(FormTemplate.java:44)
at Pages.FormTemplate.<init>(FormTemplate.java:44)
at Pages.FormTemplate.<init>(FormTemplate.java:44)
at Pages.FormTemplate.<init>(FormTemplate.java:44)
at Pages.FormTemplate.<init>(FormTemplate.java:44)
at Pages.FormTemplate.<init>(FormTemplate.java:44)
at Pages.FormTemplate.<init>(FormTemplate.java:44)
at Pages.FormTemplate.<init>(FormTemplate.java:44)
at Pages.FormTemplate.<init>(FormTemplate.java:44)
at Pages.FormTemplate.<init>(FormTemplate.java:44)
at Pages.FormTemplate.<init>(FormTemplate.java:44)
at Pages.FormTemplate.<init>(FormTemplate.java:44)
at Pages.FormTemplate.<init>(FormTemplate.java:44)
at Pages.FormTemplate.<init>(FormTemplate.java:44)
at Pages.FormTemplate.<init>(FormTemplate.java:44)
at Pages.FormTemplate.<init>(FormTemplate.java:44)
at Pages.FormTemplate.<init>(FormTemplate.java:44)
at Pages.FormTemplate.<init>(FormTemplate.java:44)
at Pages.FormTemplate.<init>(FormTemplate.java:44)
at Pages.FormTemplate.<init>(FormTemplate.java:44)
at Pages.FormTemplate.<init>(FormTemplate.java:44)
at Pages.FormTemplate.<init>(FormTemplate.java:44)
at Pages.FormTemplate.<init>(FormTemplate.java:44)
at Pages.FormTemplate.<init>(FormTemplate.java:44)
at Pages.FormTemplate.<init>(FormTemplate.java:44)
at Pages.FormTemplate.<init>(FormTemplate.java:44)
at Pages.FormTemplate.<init>(FormTemplate.java:44)
at Pages.FormTemplate.<init>(FormTemplate.java:44)
at Pages.FormTemplate.<init>(FormTemplate.java:44)
at Pages.FormTemplate.<init>(FormTemplate.java:44)
at Pages.FormTemplate.<init>(FormTemplate.java:44)
at Pages.FormTemplate.<init>(FormTemplate.java:44)
at Pages.FormTemplate.<init>(FormTemplate.java:44)
at Pages.FormTemplate.<init>(FormTemplate.java:44)
at Pages.FormTemplate.<init>(FormTemplate.java:44)
at Pages.FormTemplate.<init>(FormTemplate.java:44)
at Pages.FormTemplate.<init>(FormTemplate.java:44)
at Pages.FormTemplate.<init>(FormTemplate.java:44)
at Pages.FormTemplate.<init>(FormTemplate.java:44)
at Pages.FormTemplate.<init>(FormTemplate.java:44)
at Pages.FormTemplate.<init>(FormTemplate.java:44)
at Pages.FormTemplate.<init>(FormTemplate.java:44)
at Pages.FormTemplate.<init>(FormTemplate.java:44)
at Pages.FormTemplate.<init>(FormTemplate.java:44)
at Pages.FormTemplate.<init>(FormTemplate.java:44)
at Pages.FormTemplate.<init>(FormTemplate.java:44)
at Pages.FormTemplate.<init>(FormTemplate.java:44)
at Pages.FormTemplate.<init>(FormTemplate.java:44)
at Pages.FormTemplate.<init>(FormTemplate.java:44)
at Pages.FormTemplate.<init>(FormTemplate.java:44)
at Pages.FormTemplate.<init>(FormTemplate.java:44)
at Pages.FormTemplate.<init>(FormTemplate.java:44)
at Pages.FormTemplate.<init>(FormTemplate.java:44)
at Pages.FormTemplate.<init>(FormTemplate.java:44)
at Pages.FormTemplate.<init>(FormTemplate.java:44)
at Pages.FormTemplate.<init>(FormTemplate.java:44)
at Pages.FormTemplate.<init>(FormTemplate.java:44)
at Pages.FormTemplate.<init>(FormTemplate.java:44)
at Pages.FormTemplate.<init>(FormTemplate.java:44)
at Pages.FormTemplate.<init>(FormTemplate.java:44)
at Pages.FormTemplate.<init>(FormTemplate.java:44)
at Pages.FormTemplate.<init>(FormTemplate.java:44)
at Pages.FormTemplate.<init>(FormTemplate.java:44)
at Pages.FormTemplate.<init>(FormTemplate.java:44)
at Pages.FormTemplate.<init>(FormTemplate.java:44)
at Pages.FormTemplate.<init>(FormTemplate.java:44)
at Pages.FormTemplate.<init>(FormTemplate.java:44)
at Pages.FormTemplate.<init>(FormTemplate.java:44)
at Pages.FormTemplate.<init>(FormTemplate.java:44)
at Pages.FormTemplate.<init>(FormTemplate.java:44)
at Pages.FormTemplate.<init>(FormTemplate.java:44)
at Pages.FormTemplate.<init>(FormTemplate.java:44)
at Pages.FormTemplate.<init>(FormTemplate.java:44)
at Pages.FormTemplate.<init>(FormTemplate.java:44)
at Pages.FormTemplate.<init>(FormTemplate.java:44)
at Pages.FormTemplate.<init>(FormTemplate.java:44)
at Pages.FormTemplate.<init>(FormTemplate.java:44)
at Pages.FormTemplate.<init>(FormTemplate.java:44)
at Pages.FormTemplate.<init>(FormTemplate.java:44)
at Pages.FormTemplate.<init>(FormTemplate.java:44)
at Pages.FormTemplate.<init>(FormTemplate.java:44)
at Pages.FormTemplate.<init>(FormTemplate.java:44)
at Pages.FormTemplate.<init>(FormTemplate.java:44)
at Pages.FormTemplate.<init>(FormTemplate.java:44)
at Pages.FormTemplate.<init>(FormTemplate.java:44)
at Pages.FormTemplate.<init>(FormTemplate.java:44)
at Pages.FormTemplate.<init>(FormTemplate.java:44)
at Pages.FormTemplate.<init>(FormTemplate.java:44)
at Pages.FormTemplate.<init>(FormTemplate.java:44)
at Pages.FormTemplate.<init>(FormTemplate.java:44)
at Pages.FormTemplate.<init>(FormTemplate.java:44)
at Pages.FormTemplate.<init>(FormTemplate.java:44)
at Pages.FormTemplate.<init>(FormTemplate.java:44)
at Pages.FormTemplate.<init>(FormTemplate.java:44)
at Pages.FormTemplate.<init>(FormTemplate.java:44)
at Pages.FormTemplate.<init>(FormTemplate.java:44)
at Pages.FormTemplate.<init>(FormTemplate.java:44)
at Pages.FormTemplate.<init>(FormTemplate.java:44)
at Pages.FormTemplate.<init>(FormTemplate.java:44)
at Pages.FormTemplate.<init>(FormTemplate.java:44)
at Pages.FormTemplate.<init>(FormTemplate.java:44)
at Pages.FormTemplate.<init>(FormTemplate.java:44)
at Pages.FormTemplate.<init>(FormTemplate.java:44)
at Pages.FormTemplate.<init>(FormTemplate.java:44)
at Pages.FormTemplate.<init>(FormTemplate.java:44)
at Pages.FormTemplate.<init>(FormTemplate.java:44)
at Pages.FormTemplate.<init>(FormTemplate.java:44)
at Pages.FormTemplate.<init>(FormTemplate.java:44)
at Pages.FormTemplate.<init>(FormTemplate.java:44)
at Pages.FormTemplate.<init>(FormTemplate.java:44)
at Pages.FormTemplate.<init>(FormTemplate.java:44)
at Pages.FormTemplate.<init>(FormTemplate.java:44)
at Pages.FormTemplate.<init>(FormTemplate.java:44)
at Pages.FormTemplate.<init>(FormTemplate.java:44)
at Pages.FormTemplate.<init>(FormTemplate.java:44)
at Pages.FormTemplate.<init>(FormTemplate.java:44)
at Pages.FormTemplate.<init>(FormTemplate.java:44)
at Pages.FormTemplate.<init>(FormTemplate.java:44)
at Pages.FormTemplate.<init>(FormTemplate.java:44)
at Pages.FormTemplate.<init>(FormTemplate.java:44)
at Pages.FormTemplate.<init>(FormTemplate.java:44)
at Pages.FormTemplate.<init>(FormTemplate.java:44)
at Pages.FormTemplate.<init>(FormTemplate.java:44)
at Pages.FormTemplate.<init>(FormTemplate.java:44)
at Pages.FormTemplate.<init>(FormTemplate.java:44)
at Pages.FormTemplate.<init>(FormTemplate.java:44)
at Pages.FormTemplate.<init>(FormTemplate.java:44)
at Pages.FormTemplate.<init>(FormTemplate.java:44)
at Pages.FormTemplate.<init>(FormTemplate.java:44)
at Pages.FormTemplate.<init>(FormTemplate.java:44)
at Pages.FormTemplate.<init>(FormTemplate.java:44)
at Pages.FormTemplate.<init>(FormTemplate.java:44)
at Pages.FormTemplate.<init>(FormTemplate.java:44)
at Pages.FormTemplate.<init>(FormTemplate.java:44)
at Pages.FormTemplate.<init>(FormTemplate.java:44)
at Pages.FormTemplate.<init>(FormTemplate.java:44)
at Pages.FormTemplate.<init>(FormTemplate.java:44)
at Pages.FormTemplate.<init>(FormTemplate.java:44)
at Pages.FormTemplate.<init>(FormTemplate.java:44)
at Pages.FormTemplate.<init>(FormTemplate.java:44)
at Pages.FormTemplate.<init>(FormTemplate.java:44)
at Pages.FormTemplate.<init>(FormTemplate.java:44)
at Pages.FormTemplate.<init>(FormTemplate.java:44)
at Pages.FormTemplate.<init>(FormTemplate.java:44)
at Pages.FormTemplate.<init>(FormTemplate.java:44)
at Pages.FormTemplate.<init>(FormTemplate.java:44)
at Pages.FormTemplate.<init>(FormTemplate.java:44)
at Pages.FormTemplate.<init>(FormTemplate.java:44)
at Pages.FormTemplate.<init>(FormTemplate.java:44)
at Pages.FormTemplate.<init>(FormTemplate.java:44)
at Pages.FormTemplate.<init>(FormTemplate.java:44)
at Pages.FormTemplate.<init>(FormTemplate.java:44)
at Pages.FormTemplate.<init>(FormTemplate.java:44)
at Pages.FormTemplate.<init>(FormTemplate.java:44)
at Pages.FormTemplate.<init>(FormTemplate.java:44)
at Pages.FormTemplate.<init>(FormTemplate.java:44)
at Pages.FormTemplate.<init>(FormTemplate.java:44)
at Pages.FormTemplate.<init>(FormTemplate.java:44)
at Pages.FormTemplate.<init>(FormTemplate.java:44)
at Pages.FormTemplate.<init>(FormTemplate.java:44)
at Pages.FormTemplate.<init>(FormTemplate.java:44)
at Pages.FormTemplate.<init>(FormTemplate.java:44)
at Pages.FormTemplate.<init>(FormTemplate.java:44)
at Pages.FormTemplate.<init>(FormTemplate.java:44)
at Pages.FormTemplate.<init>(FormTemplate.java:44)
at Pages.FormTemplate.<init>(FormTemplate.java:44)
at Pages.FormTemplate.<init>(FormTemplate.java:44)
at Pages.FormTemplate.<init>(FormTemplate.java:44)
at Pages.FormTemplate.<init>(FormTemplate.java:44)
at Pages.FormTemplate.<init>(FormTemplate.java:44)
at Pages.FormTemplate.<init>(FormTemplate.java:44)
at Pages.FormTemplate.<init>(FormTemplate.java:44)
at Pages.FormTemplate.<init>(FormTemplate.java:44)
at Pages.FormTemplate.<init>(FormTemplate.java:44)
at Pages.FormTemplate.<init>(FormTemplate.java:44)
at Pages.FormTemplate.<init>(FormTemplate.java:44)
at Pages.FormTemplate.<init>(FormTemplate.java:44)
at Pages.FormTemplate.<init>(FormTemplate.java:44)
at Pages.FormTemplate.<init>(FormTemplate.java:44)
at Pages.FormTemplate.<init>(FormTemplate.java:44)
at Pages.FormTemplate.<init>(FormTemplate.java:44)
at Pages.FormTemplate.<init>(FormTemplate.java:44)
at Pages.FormTemplate.<init>(FormTemplate.java:44)
at Pages.FormTemplate.<init>(FormTemplate.java:44)
at Pages.FormTemplate.<init>(FormTemplate.java:44)
at Pages.FormTemplate.<init>(FormTemplate.java:44)
at Pages.FormTemplate.<init>(FormTemplate.java:44)
at Pages.FormTemplate.<init>(FormTemplate.java:44)
at Pages.FormTemplate.<init>(FormTemplate.java:44)
at Pages.FormTemplate.<init>(FormTemplate.java:44)
at Pages.FormTemplate.<init>(FormTemplate.java:44)
at Pages.FormTemplate.<init>(FormTemplate.java:44)
at Pages.FormTemplate.<init>(FormTemplate.java:44)
at Pages.FormTemplate.<init>(FormTemplate.java:44)
at Pages.FormTemplate.<init>(FormTemplate.java:44)
at Pages.FormTemplate.<init>(FormTemplate.java:44)
at Pages.FormTemplate.<init>(FormTemplate.java:44)
at Pages.FormTemplate.<init>(FormTemplate.java:44)
at Pages.FormTemplate.<init>(FormTemplate.java:44)
at Pages.FormTemplate.<init>(FormTemplate.java:44)
at Pages.FormTemplate.<init>(FormTemplate.java:44)
at Pages.FormTemplate.<init>(FormTemplate.java:44)
at Pages.FormTemplate.<init>(FormTemplate.java:44)
at Pages.FormTemplate.<init>(FormTemplate.java:44)
at Pages.FormTemplate.<init>(FormTemplate.java:44)
at Pages.FormTemplate.<init>(FormTemplate.java:44)
at Pages.FormTemplate.<init>(FormTemplate.java:44)
at Pages.FormTemplate.<init>(FormTemplate.java:44)
at Pages.FormTemplate.<init>(FormTemplate.java:44)
at Pages.FormTemplate.<init>(FormTemplate.java:44)
at Pages.FormTemplate.<init>(FormTemplate.java:44)
at Pages.FormTemplate.<init>(FormTemplate.java:44)
at Pages.FormTemplate.<init>(FormTemplate.java:44)
at Pages.FormTemplate.<init>(FormTemplate.java:44)
at Pages.FormTemplate.<init>(FormTemplate.java:44)
at Pages.FormTemplate.<init>(FormTemplate.java:44)
at Pages.FormTemplate.<init>(FormTemplate.java:44)
at Pages.FormTemplate.<init>(FormTemplate.java:44)
at Pages.FormTemplate.<init>(FormTemplate.java:44)
at Pages.FormTemplate.<init>(FormTemplate.java:44)
at Pages.FormTemplate.<init>(FormTemplate.java:44)
at Pages.FormTemplate.<init>(FormTemplate.java:44)
at Pages.FormTemplate.<init>(FormTemplate.java:44)
at Pages.FormTemplate.<init>(FormTemplate.java:44)
at Pages.FormTemplate.<init>(FormTemplate.java:44)
at Pages.FormTemplate.<init>(FormTemplate.java:44)
at Pages.FormTemplate.<init>(FormTemplate.java:44)
at Pages.FormTemplate.<init>(FormTemplate.java:44)
at Pages.FormTemplate.<init>(FormTemplate.java:44)
at Pages.FormTemplate.<init>(FormTemplate.java:44)
at Pages.FormTemplate.<init>(FormTemplate.java:44)
at Pages.FormTemplate.<init>(FormTemplate.java:44)
at Pages.FormTemplate.<init>(FormTemplate.java:44)
at Pages.FormTemplate.<init>(FormTemplate.java:44)
at Pages.FormTemplate.<init>(FormTemplate.java:44)
at Pages.FormTemplate.<init>(FormTemplate.java:44)
at Pages.FormTemplate.<init>(FormTemplate.java:44)
at Pages.FormTemplate.<init>(FormTemplate.java:44)
at Pages.FormTemplate.<init>(FormTemplate.java:44)
at Pages.FormTemplate.<init>(FormTemplate.java:44)
at Pages.FormTemplate.<init>(FormTemplate.java:44)
at Pages.FormTemplate.<init>(FormTemplate.java:44)
at Pages.FormTemplate.<init>(FormTemplate.java:44)
at Pages.FormTemplate.<init>(FormTemplate.java:44)
at Pages.FormTemplate.<init>(FormTemplate.java:44)
at Pages.FormTemplate.<init>(FormTemplate.java:44)
at Pages.FormTemplate.<init>(FormTemplate.java:44)
at Pages.FormTemplate.<init>(FormTemplate.java:44)
at Pages.FormTemplate.<init>(FormTemplate.java:44)
at Pages.FormTemplate.<init>(FormTemplate.java:44)
at Pages.FormTemplate.<init>(FormTemplate.java:44)
at Pages.FormTemplate.<init>(FormTemplate.java:44)
at Pages.FormTemplate.<init>(FormTemplate.java:44)
at Pages.FormTemplate.<init>(FormTemplate.java:44)
at Pages.FormTemplate.<init>(FormTemplate.java:44)
at Pages.FormTemplate.<init>(FormTemplate.java:44)
at Pages.FormTemplate.<init>(FormTemplate.java:44)
at Pages.FormTemplate.<init>(FormTemplate.java:44)
at Pages.FormTemplate.<init>(FormTemplate.java:44)
at Pages.FormTemplate.<init>(FormTemplate.java:44)
at Pages.FormTemplate.<init>(FormTemplate.java:44)
at Pages.FormTemplate.<init>(FormTemplate.java:44)
at Pages.FormTemplate.<init>(FormTemplate.java:44)
at Pages.FormTemplate.<init>(FormTemplate.java:44)
at Pages.FormTemplate.<init>(FormTemplate.java:44)
at Pages.FormTemplate.<init>(FormTemplate.java:44)
at Pages.FormTemplate.<init>(FormTemplate.java:44)
at Pages.FormTemplate.<init>(FormTemplate.java:44)
at Pages.FormTemplate.<init>(FormTemplate.java:44)
at Pages.FormTemplate.<init>(FormTemplate.java:44)
at Pages.FormTemplate.<init>(FormTemplate.java:44)
at Pages.FormTemplate.<init>(FormTemplate.java:44)
at Pages.FormTemplate.<init>(FormTemplate.java:44)
at Pages.FormTemplate.<init>(FormTemplate.java:44)
at Pages.FormTemplate.<init>(FormTemplate.java:44)
at Pages.FormTemplate.<init>(FormTemplate.java:44)
at Pages.FormTemplate.<init>(FormTemplate.java:44)
at Pages.FormTemplate.<init>(FormTemplate.java:44)
at Pages.FormTemplate.<init>(FormTemplate.java:44)
at Pages.FormTemplate.<init>(FormTemplate.java:44)
at Pages.FormTemplate.<init>(FormTemplate.java:44)
at Pages.FormTemplate.<init>(FormTemplate.java:44)
at Pages.FormTemplate.<init>(FormTemplate.java:44)
at Pages.FormTemplate.<init>(FormTemplate.java:44)
at Pages.FormTemplate.<init>(FormTemplate.java:44)
at Pages.FormTemplate.<init>(FormTemplate.java:44)
at Pages.FormTemplate.<init>(FormTemplate.java:44)
at Pages.FormTemplate.<init>(FormTemplate.java:44)
at Pages.FormTemplate.<init>(FormTemplate.java:44)
at Pages.FormTemplate.<init>(FormTemplate.java:44)
at Pages.FormTemplate.<init>(FormTemplate.java:44)
at Pages.FormTemplate.<init>(FormTemplate.java:44)
at Pages.FormTemplate.<init>(FormTemplate.java:44)
at Pages.FormTemplate.<init>(FormTemplate.java:44)
at Pages.FormTemplate.<init>(FormTemplate.java:44)
at Pages.FormTemplate.<init>(FormTemplate.java:44)
at Pages.FormTemplate.<init>(FormTemplate.java:44)
at Pages.FormTemplate.<init>(FormTemplate.java:44)
at Pages.FormTemplate.<init>(FormTemplate.java:44)
at Pages.FormTemplate.<init>(FormTemplate.java:44)
at Pages.FormTemplate.<init>(FormTemplate.java:44)
at Pages.FormTemplate.<init>(FormTemplate.java:44)
at Pages.FormTemplate.<init>(FormTemplate.java:44)
at Pages.FormTemplate.<init>(FormTemplate.java:44)
at Pages.FormTemplate.<init>(FormTemplate.java:44)
at Pages.FormTemplate.<init>(FormTemplate.java:44)
at Pages.FormTemplate.<init>(FormTemplate.java:44)
at Pages.FormTemplate.<init>(FormTemplate.java:44)
at Pages.FormTemplate.<init>(FormTemplate.java:44)
at Pages.FormTemplate.<init>(FormTemplate.java:44)
at Pages.FormTemplate.<init>(FormTemplate.java:44)
at Pages.FormTemplate.<init>(FormTemplate.java:44)
at Pages.FormTemplate.<init>(FormTemplate.java:44)
at Pages.FormTemplate.<init>(FormTemplate.java:44)
at Pages.FormTemplate.<init>(FormTemplate.java:44)
at Pages.FormTemplate.<init>(FormTemplate.java:44)
at Pages.FormTemplate.<init>(FormTemplate.java:44)
at Pages.FormTemplate.<init>(FormTemplate.java:44)
at Pages.FormTemplate.<init>(FormTemplate.java:44)
at Pages.FormTemplate.<init>(FormTemplate.java:44)
at Pages.FormTemplate.<init>(FormTemplate.java:44)
at Pages.FormTemplate.<init>(FormTemplate.java:44)
at Pages.FormTemplate.<init>(FormTemplate.java:44)
at Pages.FormTemplate.<init>(FormTemplate.java:44)
at Pages.FormTemplate.<init>(FormTemplate.java:44)
at Pages.FormTemplate.<init>(FormTemplate.java:44)
at Pages.FormTemplate.<init>(FormTemplate.java:44)
at Pages.FormTemplate.<init>(FormTemplate.java:44)
at Pages.FormTemplate.<init>(FormTemplate.java:44)
at Pages.FormTemplate.<init>(FormTemplate.java:44)
at Pages.FormTemplate.<init>(FormTemplate.java:44)
at Pages.FormTemplate.<init>(FormTemplate.java:44)
at Pages.FormTemplate.<init>(FormTemplate.java:44)
at Pages.FormTemplate.<init>(FormTemplate.java:44)
at Pages.FormTemplate.<init>(FormTemplate.java:44)
at Pages.FormTemplate.<init>(FormTemplate.java:44)
at Pages.FormTemplate.<init>(FormTemplate.java:44)
at Pages.FormTemplate.<init>(FormTemplate.java:44)
at Pages.FormTemplate.<init>(FormTemplate.java:44)
at Pages.FormTemplate.<init>(FormTemplate.java:44)
at Pages.FormTemplate.<init>(FormTemplate.java:44)
at Pages.FormTemplate.<init>(FormTemplate.java:44)
at Pages.FormTemplate.<init>(FormTemplate.java:44)
at Pages.FormTemplate.<init>(FormTemplate.java:44)
at Pages.FormTemplate.<init>(FormTemplate.java:44)
at Pages.FormTemplate.<init>(FormTemplate.java:44)
at Pages.FormTemplate.<init>(FormTemplate.java:44)
at Pages.FormTemplate.<init>(FormTemplate.java:44)
at Pages.FormTemplate.<init>(FormTemplate.java:44)
at Pages.FormTemplate.<init>(FormTemplate.java:44)
at Pages.FormTemplate.<init>(FormTemplate.java:44)
at Pages.FormTemplate.<init>(FormTemplate.java:44)
at Pages.FormTemplate.<init>(FormTemplate.java:44)
at Pages.FormTemplate.<init>(FormTemplate.java:44)
at Pages.FormTemplate.<init>(FormTemplate.java:44)
at Pages.FormTemplate.<init>(FormTemplate.java:44)
at Pages.FormTemplate.<init>(FormTemplate.java:44)
at Pages.FormTemplate.<init>(FormTemplate.java:44)
at Pages.FormTemplate.<init>(FormTemplate.java:44)
at Pages.FormTemplate.<init>(FormTemplate.java:44)
at Pages.FormTemplate.<init>(FormTemplate.java:44)
at Pages.FormTemplate.<init>(FormTemplate.java:44)
at Pages.FormTemplate.<init>(FormTemplate.java:44)
at Pages.FormTemplate.<init>(FormTemplate.java:44)
at Pages.FormTemplate.<init>(FormTemplate.java:44)
at Pages.FormTemplate.<init>(FormTemplate.java:44)
at Pages.FormTemplate.<init>(FormTemplate.java:44)
at Pages.FormTemplate.<init>(FormTemplate.java:44)
at Pages.FormTemplate.<init>(FormTemplate.java:44)
at Pages.FormTemplate.<init>(FormTemplate.java:44)
at Pages.FormTemplate.<init>(FormTemplate.java:44)
at Pages.FormTemplate.<init>(FormTemplate.java:44)
at Pages.FormTemplate.<init>(FormTemplate.java:44)
at Pages.FormTemplate.<init>(FormTemplate.java:44)
at Pages.FormTemplate.<init>(FormTemplate.java:44)
at Pages.FormTemplate.<init>(FormTemplate.java:44)
at Pages.FormTemplate.<init>(FormTemplate.java:44)
at Pages.FormTemplate.<init>(FormTemplate.java:44)
at Pages.FormTemplate.<init>(FormTemplate.java:44)
at Pages.FormTemplate.<init>(FormTemplate.java:44)
at Pages.FormTemplate.<init>(FormTemplate.java:44)
at Pages.FormTemplate.<init>(FormTemplate.java:44)
at Pages.FormTemplate.<init>(FormTemplate.java:44)
at Pages.FormTemplate.<init>(FormTemplate.java:44)
at Pages.FormTemplate.<init>(FormTemplate.java:44)
at Pages.FormTemplate.<init>(FormTemplate.java:44)
at Pages.FormTemplate.<init>(FormTemplate.java:44)
at Pages.FormTemplate.<init>(FormTemplate.java:44)
at Pages.FormTemplate.<init>(FormTemplate.java:44)
at Pages.FormTemplate.<init>(FormTemplate.java:44)
at Pages.FormTemplate.<init>(FormTemplate.java:44)
at Pages.FormTemplate.<init>(FormTemplate.java:44)
at Pages.FormTemplate.<init>(FormTemplate.java:44)
at Pages.FormTemplate.<init>(FormTemplate.java:44)
at Pages.FormTemplate.<init>(FormTemplate.java:44)
at Pages.FormTemplate.<init>(FormTemplate.java:44)
at Pages.FormTemplate.<init>(FormTemplate.java:44)
at Pages.FormTemplate.<init>(FormTemplate.java:44)
at Pages.FormTemplate.<init>(FormTemplate.java:44)
at Pages.FormTemplate.<init>(FormTemplate.java:44)
at Pages.FormTemplate.<init>(FormTemplate.java:44)
at Pages.FormTemplate.<init>(FormTemplate.java:44)
at Pages.FormTemplate.<init>(FormTemplate.java:44)
at Pages.FormTemplate.<init>(FormTemplate.java:44)
at Pages.FormTemplate.<init>(FormTemplate.java:44)
at Pages.FormTemplate.<init>(FormTemplate.java:44)
at Pages.FormTemplate.<init>(FormTemplate.java:44)
at Pages.FormTemplate.<init>(FormTemplate.java:44)
at Pages.FormTemplate.<init>(FormTemplate.java:44)
at Pages.FormTemplate.<init>(FormTemplate.java:44)
at Pages.FormTemplate.<init>(FormTemplate.java:44)
at Pages.FormTemplate.<init>(FormTemplate.java:44)
at Pages.FormTemplate.<init>(FormTemplate.java:44)
at Pages.FormTemplate.<init>(FormTemplate.java:44)
at Pages.FormTemplate.<init>(FormTemplate.java:44)
at Pages.FormTemplate.<init>(FormTemplate.java:44)
at Pages.FormTemplate.<init>(FormTemplate.java:44)
at Pages.FormTemplate.<init>(FormTemplate.java:44)
at Pages.FormTemplate.<init>(FormTemplate.java:44)
at Pages.FormTemplate.<init>(FormTemplate.java:44)
at Pages.FormTemplate.<init>(FormTemplate.java:44)
at Pages.FormTemplate.<init>(FormTemplate.java:44)
at Pages.FormTemplate.<init>(FormTemplate.java:44)
at Pages.FormTemplate.<init>(FormTemplate.java:44)
at Pages.FormTemplate.<init>(FormTemplate.java:44)
at Pages.FormTemplate.<init>(FormTemplate.java:44)
at Pages.FormTemplate.<init>(FormTemplate.java:44)
at Pages.FormTemplate.<init>(FormTemplate.java:44)
at Pages.FormTemplate.<init>(FormTemplate.java:44)
at Pages.FormTemplate.<init>(FormTemplate.java:44)
at Pages.FormTemplate.<init>(FormTemplate.java:44)
at Pages.FormTemplate.<init>(FormTemplate.java:44)
]]>
    </error>
  </testcase> <!-- Start -->
  <system-out/>
  <testcase classname="TestCase.FormTemplate_Testcases" name="ContentHorizontalLine" time="0.000">
    <skipped/>
  </testcase> <!-- ContentHorizontalLine -->
  <system-out/>
  <testcase classname="TestCase.FormTemplate_Testcases" name="ContentDivision" time="0.000">
    <skipped/>
  </testcase> <!-- ContentDivision -->
  <system-out/>
  <testcase classname="TestCase.FormTemplate_Testcases" name="AdvancedAutoIncrementNumber" time="0.000">
    <skipped/>
  </testcase> <!-- AdvancedAutoIncrementNumber -->
  <system-out/>
  <testcase classname="TestCase.FormTemplate_Testcases" name="AdvancedLocation" time="0.000">
    <skipped/>
  </testcase> <!-- AdvancedLocation -->
  <system-out/>
  <testcase classname="TestCase.FormTemplate_Testcases" name="AdvancedCurrency" time="0.000">
    <skipped/>
  </testcase> <!-- AdvancedCurrency -->
  <system-out/>
  <testcase classname="TestCase.FormTemplate_Testcases" name="AdvancedQuestion" time="0.000">
    <skipped/>
  </testcase> <!-- AdvancedQuestion -->
  <system-out/>
  <testcase classname="TestCase.FormTemplate_Testcases" name="AdvancedEntity" time="0.000">
    <skipped/>
  </testcase> <!-- AdvancedEntity -->
  <system-out/>
  <testcase classname="TestCase.FormTemplate_Testcases" name="AdvancedFormula" time="0.000">
    <skipped/>
  </testcase> <!-- AdvancedFormula -->
  <system-out/>
  <testcase classname="TestCase.FormTemplate_Testcases" name="AdvancedAggregateFunction" time="0.000">
    <skipped/>
  </testcase> <!-- AdvancedAggregateFunction -->
  <system-out/>
  <testcase classname="TestCase.FormTemplate_Testcases" name="AdvancedChildEntityTable" time="0.000">
    <skipped/>
  </testcase> <!-- AdvancedChildEntityTable -->
  <system-out/>
  <testcase classname="TestCase.FormTemplate_Testcases" name="AdvancedPayButtons" time="0.000">
    <skipped/>
  </testcase> <!-- AdvancedPayButtons -->
  <system-out/>
  <testcase classname="TestCase.FormTemplate_Testcases" name="AdvancedPaymentVariable" time="0.000">
    <skipped/>
  </testcase> <!-- AdvancedPaymentVariable -->
  <system-out/>
  <testcase classname="TestCase.FormTemplate_Testcases" name="AdvancedStarRating" time="0.000">
    <skipped/>
  </testcase> <!-- AdvancedStarRating -->
  <system-out/>
  <testcase classname="TestCase.FormTemplate_Testcases" name="AdvancedConcatenate" time="0.000">
    <skipped/>
  </testcase> <!-- AdvancedConcatenate -->
  <system-out/>
  <testcase classname="TestCase.FormTemplate_Testcases" name="AdvancedAudio" time="0.000">
    <skipped/>
  </testcase> <!-- AdvancedAudio -->
  <system-out/>
  <testcase classname="TestCase.FormTemplate_Testcases" name="AdvancedQRCode" time="0.000">
    <skipped/>
  </testcase> <!-- AdvancedQRCode -->
  <system-out/>
  <testcase classname="TestCase.FormTemplate_Testcases" name="AdvancedQRReader" time="0.000">
    <skipped/>
  </testcase> <!-- AdvancedQRReader -->
  <system-out/>
  <testcase classname="TestCase.FormTemplate_Testcases" name="AdvancedAuthorizedSignature">
    <skipped/>
  </testcase> <!-- AdvancedAuthorizedSignature -->
  <system-out/>
  <testcase classname="TestCase.FormTemplate_Testcases" name="AdvancedDataTable">
    <skipped/>
  </testcase> <!-- AdvancedDataTable -->
  <system-out/>
</testsuite> <!-- TestCase.FormTemplate_Testcases -->
