<?xml version="1.0" encoding="UTF-8"?>
<!-- Generated by org.testng.reporters.JUnitReportReporter -->
<testsuite hostname="HGT-LAP-310" failures="0" tests="1" name="TestCase.TestCases_Prudhvi1" time="91.939" errors="0" timestamp="2024-05-29T16:27:03 IST" skipped="0">
  <testcase classname="TestCase.TestCases_Prudhvi1" name="uploadpdfFile" time="91.939"/>
  <system-out/>
</testsuite> <!-- TestCase.TestCases_Prudhvi1 -->
