<?xml version="1.0" encoding="UTF-8"?>
<!-- Generated by org.testng.reporters.JUnitReportReporter -->
<testsuite hostname="HGT-LAP-310" failures="0" tests="1" name="TestCase.LoginPageTest" time="35.173" errors="0" timestamp="2024-05-24T11:52:01 IST" skipped="0">
  <testcase classname="TestCase.LoginPageTest" name="Review" time="35.173"/>
  <system-out/>
</testsuite> <!-- TestCase.LoginPageTest -->
