<?xml version="1.0" encoding="UTF-8"?>
<!-- Generated by org.testng.reporters.JUnitReportReporter -->
<testsuite hostname="HGT-LAP-310" failures="0" tests="1" name="TestCase.LoginPageTest" time="34.517" errors="0" timestamp="2024-07-25T15:16:56 IST" skipped="0">
  <testcase classname="TestCase.LoginPageTest" name="Verifyscrool" time="34.517"/>
  <system-out/>
</testsuite> <!-- TestCase.LoginPageTest -->
