<?xml version="1.0" encoding="UTF-8"?>
<!-- Generated by org.testng.reporters.JUnitReportReporter -->
<testsuite hostname="HGT-LAP-310" failures="0" tests="1" name="TestCase.LoginPageTest" time="21.479" errors="0" timestamp="2024-03-13T16:50:38 IST" skipped="0">
  <testcase classname="TestCase.LoginPageTest" name="Review" time="21.479"/>
  <system-out/>
</testsuite> <!-- TestCase.LoginPageTest -->
