<?xml version="1.0" encoding="UTF-8"?>
<!-- Generated by org.testng.reporters.JUnitReportReporter -->
<testsuite hostname="HGT-LAP-310" failures="0" tests="1" name="TestCase.LoginPageTest" time="404.065" errors="0" timestamp="2024-02-09T18:09:22 IST" skipped="0">
  <testcase classname="TestCase.LoginPageTest" name="Review" time="404.065"/>
  <system-out/>
</testsuite> <!-- TestCase.LoginPageTest -->
