<?xml version="1.0" encoding="UTF-8"?>
<!-- Generated by org.testng.reporters.JUnitReportReporter -->
<testsuite hostname="HGT-LAP-310" failures="0" tests="1" name="TestCase.Docscenarios_Ramya" time="449.140" errors="0" timestamp="2024-04-13T15:57:06 IST" skipped="0">
  <testcase classname="TestCase.Docscenarios_Ramya" name="VerifyAppSigSenderorderWOEWOA" time="449.140"/>
  <system-out/>
</testsuite> <!-- TestCase.Docscenarios_Ramya -->
