<?xml version="1.0" encoding="UTF-8"?>
<!-- Generated by org.testng.reporters.JUnitReportReporter -->
<testsuite hostname="HGT-LAP-310" failures="0" tests="1" name="TestCase.LoginPageTest" time="139.568" errors="0" timestamp="2024-07-23T10:54:22 IST" skipped="0">
  <testcase classname="TestCase.LoginPageTest" name="addbuilder" time="139.568"/>
  <system-out/>
</testsuite> <!-- TestCase.LoginPageTest -->
