<?xml version="1.0" encoding="UTF-8"?>
<!-- Generated by org.testng.reporters.JUnitReportReporter -->
<testsuite hostname="HGT-LAP-310" failures="0" tests="15" name="TestCase.Docscenarios" time="2024.102" errors="0" timestamp="2024-04-17T12:02:26 IST" skipped="7">
  <testcase classname="TestCase.Docscenarios" name="ValiddocumentsScenarios" time="187.690"/>
  <system-out/>
  <testcase classname="TestCase.Docscenarios" name="ValidBlankwithoutsenderautofill" time="196.380"/>
  <system-out/>
  <testcase classname="TestCase.Docscenarios" name="ValidWithoutEnforceSignatureThroughLoginAccount" time="247.355"/>
  <system-out/>
  <testcase classname="TestCase.Docscenarios" name="ValidWithEnforceSignatureOrderWithSenderAutofill" time="252.300"/>
  <system-out/>
  <testcase classname="TestCase.Docscenarios" name="ValidRearrangingOrderCCndSigner" time="261.728"/>
  <system-out/>
  <testcase classname="TestCase.Docscenarios" name="ValidBlankDocMultipleSigners" time="339.915"/>
  <system-out/>
  <testcase classname="TestCase.Docscenarios" name="ValidRearrangingOrderFirstOtherSignersndThenSender" time="338.138"/>
  <system-out/>
  <testcase classname="TestCase.Docscenarios" name="ValidBlankdocSignerndApprover" time="200.596"/>
  <system-out/>
  <testcase classname="TestCase.Docscenarios" name="ValidOneDriveDocMultipleSigners">
    <skipped/>
  </testcase> <!-- ValidOneDriveDocMultipleSigners -->
  <system-out/>
  <testcase classname="TestCase.Docscenarios" name="ValiddocSignerndApproverOnedrive">
    <skipped/>
  </testcase> <!-- ValiddocSignerndApproverOnedrive -->
  <system-out/>
  <testcase classname="TestCase.Docscenarios" name="ValidRearrangingOrderFirstOtherSignersndThenSenderOnedrive">
    <skipped/>
  </testcase> <!-- ValidRearrangingOrderFirstOtherSignersndThenSenderOnedrive -->
  <system-out/>
  <testcase classname="TestCase.Docscenarios" name="ValidDocscenarioOnedrive">
    <skipped/>
  </testcase> <!-- ValidDocscenarioOnedrive -->
  <system-out/>
  <testcase classname="TestCase.Docscenarios" name="ValiddocumentsScenariosGdrive">
    <skipped/>
  </testcase> <!-- ValiddocumentsScenariosGdrive -->
  <system-out/>
  <testcase classname="TestCase.Docscenarios" name="ValidRearrangingOrderFirstApproverthenSigner">
    <skipped/>
  </testcase> <!-- ValidRearrangingOrderFirstApproverthenSigner -->
  <system-out/>
  <testcase classname="TestCase.Docscenarios" name="ValidBlankdocView">
    <skipped/>
  </testcase> <!-- ValidBlankdocView -->
  <system-out/>
</testsuite> <!-- TestCase.Docscenarios -->
