<?xml version="1.0" encoding="UTF-8"?>
<!-- Generated by org.testng.reporters.JUnitReportReporter -->
<testsuite hostname="HGT-LAP-310" failures="0" tests="1" name="TestCase.TestCases_Prudhvi1" time="78.231" errors="0" timestamp="2024-05-30T12:18:38 IST" skipped="0">
  <testcase classname="TestCase.TestCases_Prudhvi1" name="uploadpdfFile" time="78.231"/>
  <system-out/>
</testsuite> <!-- TestCase.TestCases_Prudhvi1 -->
