<?xml version="1.0" encoding="UTF-8"?>
<!-- Generated by org.testng.reporters.JUnitReportReporter -->
<testsuite hostname="HGT-LAP-310" failures="0" tests="1" name="TestCase.TestCases_Prudhvi1" time="356.403" errors="0" timestamp="2024-06-14T11:00:31 IST" skipped="0">
  <testcase classname="TestCase.TestCases_Prudhvi1" name="BlankDocWithEnforcement" time="356.403"/>
  <system-out/>
</testsuite> <!-- TestCase.TestCases_Prudhvi1 -->
