<?xml version="1.0" encoding="UTF-8"?>
<!-- Generated by org.testng.reporters.JUnitReportReporter -->
<testsuite hostname="HGT-LAP-310" failures="0" tests="2" name="TestCase.Testcases_Ramya" time="115.168" errors="0" timestamp="2024-02-26T17:43:20 IST" skipped="0">
  <testcase classname="TestCase.Testcases_Ramya" name="VerifyLoginFunctionalityWithValidCredantials" time="15.496"/>
  <system-out/>
  <testcase classname="TestCase.Testcases_Ramya" name="VerifyDocuments" time="99.672"/>
  <system-out/>
</testsuite> <!-- TestCase.Testcases_Ramya -->
