<?xml version="1.0" encoding="UTF-8"?>
<!-- Generated by org.testng.reporters.JUnitReportReporter -->
<testsuite hostname="HGT-LAP-310" failures="0" tests="50" name="TestCase.FormTemplate_Testcases" time="1.615" errors="1" timestamp="2024-05-01T15:38:26 IST" skipped="49">
  <testcase classname="TestCase.FormTemplate_Testcases" name="Start" time="1.615">
    <error message="Could not start a new session. Response code 500. Message: unknown error: no chrome binary at /usr/bin/sgoogle-chrome-stable 
Host info: host: &#039;HGT-LAP-310&#039;, ip: &#039;192.168.0.108&#039;
Build info: version: &#039;4.18.1&#039;, revision: &#039;b1d3319b48&#039;
System info: os.name: &#039;Windows 11&#039;, os.arch: &#039;amd64&#039;, os.version: &#039;10.0&#039;, java.version: &#039;21.0.1&#039;
Driver info: org.openqa.selenium.chrome.ChromeDriver
Command: [null, newSession {capabilities=[Capabilities {browserName: chrome, goog:chromeOptions: {args: [--headless, --window-size=1920,1080, --disable-gpu, --no-sandbox], binary: /usr/bin/sgoogle-chrome-stable, extensions: []}}]}]" type="org.openqa.selenium.SessionNotCreatedException">
      <![CDATA[org.openqa.selenium.SessionNotCreatedException: Could not start a new session. Response code 500. Message: unknown error: no chrome binary at /usr/bin/sgoogle-chrome-stable 
Host info: host: 'HGT-LAP-310', ip: '192.168.0.108'
Build info: version: '4.18.1', revision: 'b1d3319b48'
System info: os.name: 'Windows 11', os.arch: 'amd64', os.version: '10.0', java.version: '21.0.1'
Driver info: org.openqa.selenium.chrome.ChromeDriver
Command: [null, newSession {capabilities=[Capabilities {browserName: chrome, goog:chromeOptions: {args: [--headless, --window-size=1920,1080, --disable-gpu, --no-sandbox], binary: /usr/bin/sgoogle-chrome-stable, extensions: []}}]}]
at org.openqa.selenium.remote.ProtocolHandshake.createSession(ProtocolHandshake.java:139)
at org.openqa.selenium.remote.ProtocolHandshake.createSession(ProtocolHandshake.java:95)
at org.openqa.selenium.remote.ProtocolHandshake.createSession(ProtocolHandshake.java:67)
at org.openqa.selenium.remote.HttpCommandExecutor.execute(HttpCommandExecutor.java:162)
at org.openqa.selenium.remote.service.DriverCommandExecutor.invokeExecute(DriverCommandExecutor.java:216)
at org.openqa.selenium.remote.service.DriverCommandExecutor.execute(DriverCommandExecutor.java:174)
at org.openqa.selenium.remote.RemoteWebDriver.execute(RemoteWebDriver.java:519)
at org.openqa.selenium.remote.RemoteWebDriver.startSession(RemoteWebDriver.java:233)
at org.openqa.selenium.remote.RemoteWebDriver.<init>(RemoteWebDriver.java:162)
at org.openqa.selenium.chromium.ChromiumDriver.<init>(ChromiumDriver.java:114)
at org.openqa.selenium.chrome.ChromeDriver.<init>(ChromeDriver.java:89)
at org.openqa.selenium.chrome.ChromeDriver.<init>(ChromeDriver.java:84)
at org.openqa.selenium.chrome.ChromeDriver.<init>(ChromeDriver.java:73)
at TestBase.testCaseBase.setup(testCaseBase.java:33)
at TestCase.FormTemplate_Testcases.Start(FormTemplate_Testcases.java:47)
at java.base/jdk.internal.reflect.DirectMethodHandleAccessor.invoke(DirectMethodHandleAccessor.java:103)
at java.base/java.lang.reflect.Method.invoke(Method.java:580)
at org.testng.internal.MethodInvocationHelper.invokeMethod(MethodInvocationHelper.java:133)
at org.testng.internal.MethodInvocationHelper.invokeMethodConsideringTimeout(MethodInvocationHelper.java:62)
at org.testng.internal.ConfigInvoker.invokeConfigurationMethod(ConfigInvoker.java:385)
at org.testng.internal.ConfigInvoker.invokeConfigurations(ConfigInvoker.java:321)
at org.testng.internal.TestInvoker.runConfigMethods(TestInvoker.java:700)
at org.testng.internal.TestInvoker.invokeMethod(TestInvoker.java:527)
at org.testng.internal.TestInvoker.invokeTestMethod(TestInvoker.java:173)
at org.testng.internal.MethodRunner.runInSequence(MethodRunner.java:46)
at org.testng.internal.TestInvoker$MethodInvocationAgent.invoke(TestInvoker.java:824)
at org.testng.internal.TestInvoker.invokeTestMethods(TestInvoker.java:146)
at org.testng.internal.TestMethodWorker.invokeTestMethods(TestMethodWorker.java:146)
at org.testng.internal.TestMethodWorker.run(TestMethodWorker.java:128)
at java.base/java.util.ArrayList.forEach(ArrayList.java:1596)
at org.testng.TestRunner.privateRun(TestRunner.java:794)
at org.testng.TestRunner.run(TestRunner.java:596)
at org.testng.SuiteRunner.runTest(SuiteRunner.java:377)
at org.testng.SuiteRunner.runSequentially(SuiteRunner.java:371)
at org.testng.SuiteRunner.privateRun(SuiteRunner.java:332)
at org.testng.SuiteRunner.run(SuiteRunner.java:276)
at org.testng.SuiteRunnerWorker.runSuite(SuiteRunnerWorker.java:53)
at org.testng.SuiteRunnerWorker.run(SuiteRunnerWorker.java:96)
at org.testng.TestNG.runSuitesSequentially(TestNG.java:1212)
at org.testng.TestNG.runSuitesLocally(TestNG.java:1134)
at org.testng.TestNG.runSuites(TestNG.java:1063)
at org.testng.TestNG.run(TestNG.java:1031)
at org.testng.remote.AbstractRemoteTestNG.run(AbstractRemoteTestNG.java:115)
at org.testng.remote.RemoteTestNG.initAndRun(RemoteTestNG.java:251)
at org.testng.remote.RemoteTestNG.main(RemoteTestNG.java:77)
]]>
    </error>
  </testcase> <!-- Start -->
  <system-out/>
  <testcase classname="TestCase.FormTemplate_Testcases" name="BasicFieldsSingleline" time="0.000">
    <skipped/>
  </testcase> <!-- BasicFieldsSingleline -->
  <system-out/>
  <testcase classname="TestCase.FormTemplate_Testcases" name="BasicFieldsMultiline" time="0.000">
    <skipped/>
  </testcase> <!-- BasicFieldsMultiline -->
  <system-out/>
  <testcase classname="TestCase.FormTemplate_Testcases" name="BasicFieldsSelect" time="0.000">
    <skipped/>
  </testcase> <!-- BasicFieldsSelect -->
  <system-out/>
  <testcase classname="TestCase.FormTemplate_Testcases" name="BasicFieldsNumber" time="0.000">
    <skipped/>
  </testcase> <!-- BasicFieldsNumber -->
  <system-out/>
  <testcase classname="TestCase.FormTemplate_Testcases" name="BasicFieldsMultipleSelect" time="0.000">
    <skipped/>
  </testcase> <!-- BasicFieldsMultipleSelect -->
  <system-out/>
  <testcase classname="TestCase.FormTemplate_Testcases" name="BasicFieldsList" time="0.000">
    <skipped/>
  </testcase> <!-- BasicFieldsList -->
  <system-out/>
  <testcase classname="TestCase.FormTemplate_Testcases" name="BasicFieldsDate" time="0.000">
    <skipped/>
  </testcase> <!-- BasicFieldsDate -->
  <system-out/>
  <testcase classname="TestCase.FormTemplate_Testcases" name="BasicFieldsTime" time="0.000">
    <skipped/>
  </testcase> <!-- BasicFieldsTime -->
  <system-out/>
  <testcase classname="TestCase.FormTemplate_Testcases" name="BasicFieldsFixedTime" time="0.000">
    <skipped/>
  </testcase> <!-- BasicFieldsFixedTime -->
  <system-out/>
  <testcase classname="TestCase.FormTemplate_Testcases" name="BasicFieldsTimerange" time="0.000">
    <skipped/>
  </testcase> <!-- BasicFieldsTimerange -->
  <system-out/>
  <testcase classname="TestCase.FormTemplate_Testcases" name="BasicFieldsDateTime" time="0.000">
    <skipped/>
  </testcase> <!-- BasicFieldsDateTime -->
  <system-out/>
  <testcase classname="TestCase.FormTemplate_Testcases" name="BasicFieldsWeekDays" time="0.000">
    <skipped/>
  </testcase> <!-- BasicFieldsWeekDays -->
  <system-out/>
  <testcase classname="TestCase.FormTemplate_Testcases" name="BasicFieldsDateTimeRange" time="0.000">
    <skipped/>
  </testcase> <!-- BasicFieldsDateTimeRange -->
  <system-out/>
  <testcase classname="TestCase.FormTemplate_Testcases" name="BasicFieldsDateRange" time="0.000">
    <skipped/>
  </testcase> <!-- BasicFieldsDateRange -->
  <system-out/>
  <testcase classname="TestCase.FormTemplate_Testcases" name="BasicFieldsYesORNo" time="0.000">
    <skipped/>
  </testcase> <!-- BasicFieldsYesORNo -->
  <system-out/>
  <testcase classname="TestCase.FormTemplate_Testcases" name="BasicFieldsCheckbox" time="0.000">
    <skipped/>
  </testcase> <!-- BasicFieldsCheckbox -->
  <system-out/>
  <testcase classname="TestCase.FormTemplate_Testcases" name="BasicFieldsCheckBoxGroup" time="0.000">
    <skipped/>
  </testcase> <!-- BasicFieldsCheckBoxGroup -->
  <system-out/>
  <testcase classname="TestCase.FormTemplate_Testcases" name="BasicFieldsDocument" time="0.000">
    <skipped/>
  </testcase> <!-- BasicFieldsDocument -->
  <system-out/>
  <testcase classname="TestCase.FormTemplate_Testcases" name="BasicFieldsRadio" time="0.000">
    <skipped/>
  </testcase> <!-- BasicFieldsRadio -->
  <system-out/>
  <testcase classname="TestCase.FormTemplate_Testcases" name="BasicFieldsRadioGroup" time="0.000">
    <skipped/>
  </testcase> <!-- BasicFieldsRadioGroup -->
  <system-out/>
  <testcase classname="TestCase.FormTemplate_Testcases" name="BasicFieldsPhone" time="0.000">
    <skipped/>
  </testcase> <!-- BasicFieldsPhone -->
  <system-out/>
  <testcase classname="TestCase.FormTemplate_Testcases" name="BasicFieldsSignature" time="0.000">
    <skipped/>
  </testcase> <!-- BasicFieldsSignature -->
  <system-out/>
  <testcase classname="TestCase.FormTemplate_Testcases" name="BasicFieldsCaptcha" time="0.000">
    <skipped/>
  </testcase> <!-- BasicFieldsCaptcha -->
  <system-out/>
  <testcase classname="TestCase.FormTemplate_Testcases" name="ContentHeading" time="0.000">
    <skipped/>
  </testcase> <!-- ContentHeading -->
  <system-out/>
  <testcase classname="TestCase.FormTemplate_Testcases" name="ContentHTML" time="0.000">
    <skipped/>
  </testcase> <!-- ContentHTML -->
  <system-out/>
  <testcase classname="TestCase.FormTemplate_Testcases" name="ContentParagraph" time="0.000">
    <skipped/>
  </testcase> <!-- ContentParagraph -->
  <system-out/>
  <testcase classname="TestCase.FormTemplate_Testcases" name="ContentSingleLineContent" time="0.000">
    <skipped/>
  </testcase> <!-- ContentSingleLineContent -->
  <system-out/>
  <testcase classname="TestCase.FormTemplate_Testcases" name="ContentImage" time="0.000">
    <skipped/>
  </testcase> <!-- ContentImage -->
  <system-out/>
  <testcase classname="TestCase.FormTemplate_Testcases" name="ContentVideo" time="0.000">
    <skipped/>
  </testcase> <!-- ContentVideo -->
  <system-out/>
  <testcase classname="TestCase.FormTemplate_Testcases" name="ContentActionButton" time="0.000">
    <skipped/>
  </testcase> <!-- ContentActionButton -->
  <system-out/>
  <testcase classname="TestCase.FormTemplate_Testcases" name="ContentHorizontalLine" time="0.000">
    <skipped/>
  </testcase> <!-- ContentHorizontalLine -->
  <system-out/>
  <testcase classname="TestCase.FormTemplate_Testcases" name="ContentDivision" time="0.000">
    <skipped/>
  </testcase> <!-- ContentDivision -->
  <system-out/>
  <testcase classname="TestCase.FormTemplate_Testcases" name="AdvancedAutoIncrementNumber" time="0.000">
    <skipped/>
  </testcase> <!-- AdvancedAutoIncrementNumber -->
  <system-out/>
  <testcase classname="TestCase.FormTemplate_Testcases" name="AdvancedLocation" time="0.000">
    <skipped/>
  </testcase> <!-- AdvancedLocation -->
  <system-out/>
  <testcase classname="TestCase.FormTemplate_Testcases" name="AdvancedCurrency" time="0.000">
    <skipped/>
  </testcase> <!-- AdvancedCurrency -->
  <system-out/>
  <testcase classname="TestCase.FormTemplate_Testcases" name="AdvancedQuestion" time="0.000">
    <skipped/>
  </testcase> <!-- AdvancedQuestion -->
  <system-out/>
  <testcase classname="TestCase.FormTemplate_Testcases" name="AdvancedAuthorizedSignature" time="0.000">
    <skipped/>
  </testcase> <!-- AdvancedAuthorizedSignature -->
  <system-out/>
  <testcase classname="TestCase.FormTemplate_Testcases" name="AdvancedEntity" time="0.000">
    <skipped/>
  </testcase> <!-- AdvancedEntity -->
  <system-out/>
  <testcase classname="TestCase.FormTemplate_Testcases" name="AdvancedFormula" time="0.000">
    <skipped/>
  </testcase> <!-- AdvancedFormula -->
  <system-out/>
  <testcase classname="TestCase.FormTemplate_Testcases" name="AdvancedAggregateFunction" time="0.000">
    <skipped/>
  </testcase> <!-- AdvancedAggregateFunction -->
  <system-out/>
  <testcase classname="TestCase.FormTemplate_Testcases" name="AdvancedDataTable" time="0.000">
    <skipped/>
  </testcase> <!-- AdvancedDataTable -->
  <system-out/>
  <testcase classname="TestCase.FormTemplate_Testcases" name="AdvancedChildEntityTable" time="0.000">
    <skipped/>
  </testcase> <!-- AdvancedChildEntityTable -->
  <system-out/>
  <testcase classname="TestCase.FormTemplate_Testcases" name="AdvancedPayButtons" time="0.000">
    <skipped/>
  </testcase> <!-- AdvancedPayButtons -->
  <system-out/>
  <testcase classname="TestCase.FormTemplate_Testcases" name="AdvancedPaymentVariable" time="0.000">
    <skipped/>
  </testcase> <!-- AdvancedPaymentVariable -->
  <system-out/>
  <testcase classname="TestCase.FormTemplate_Testcases" name="AdvancedStarRating" time="0.000">
    <skipped/>
  </testcase> <!-- AdvancedStarRating -->
  <system-out/>
  <testcase classname="TestCase.FormTemplate_Testcases" name="AdvancedConcatenate" time="0.000">
    <skipped/>
  </testcase> <!-- AdvancedConcatenate -->
  <system-out/>
  <testcase classname="TestCase.FormTemplate_Testcases" name="AdvancedAudio" time="0.000">
    <skipped/>
  </testcase> <!-- AdvancedAudio -->
  <system-out/>
  <testcase classname="TestCase.FormTemplate_Testcases" name="AdvancedQRCode" time="0.000">
    <skipped/>
  </testcase> <!-- AdvancedQRCode -->
  <system-out/>
  <testcase classname="TestCase.FormTemplate_Testcases" name="AdvancedQRReader" time="0.000">
    <skipped/>
  </testcase> <!-- AdvancedQRReader -->
  <system-out/>
</testsuite> <!-- TestCase.FormTemplate_Testcases -->
