<?xml version="1.0" encoding="UTF-8"?>
<!-- Generated by org.testng.reporters.JUnitReportReporter -->
<testsuite hostname="HGT-LAP-310" failures="0" tests="1" name="TestCase.LoginPageTest" time="52.671" errors="0" timestamp="2024-05-24T17:05:52 IST" skipped="0">
  <testcase classname="TestCase.LoginPageTest" name="Verifyscrool" time="52.671"/>
  <system-out/>
</testsuite> <!-- TestCase.LoginPageTest -->
