<?xml version="1.0" encoding="UTF-8"?>
<!-- Generated by org.testng.reporters.JUnitReportReporter -->
<testsuite hostname="HGT-LAP-310" failures="0" tests="1" name="TestCase.TestCases_Prudhvi2" time="887.577" errors="0" timestamp="2024-06-14T12:47:52 IST" skipped="0">
  <testcase classname="TestCase.TestCases_Prudhvi2" name="VerifyAppSigSenderorderWOEWOA" time="887.577"/>
  <system-out/>
</testsuite> <!-- TestCase.TestCases_Prudhvi2 -->
