<?xml version="1.0" encoding="UTF-8"?>
<!-- Generated by org.testng.reporters.JUnitReportReporter -->
<testsuite hostname="HGT-LAP-310" failures="0" tests="1" name="TestCase.LoginPageTest" time="19.714" errors="0" timestamp="2024-03-13T12:11:33 IST" skipped="0">
  <testcase classname="TestCase.LoginPageTest" name="Review" time="19.714"/>
  <system-out/>
</testsuite> <!-- TestCase.LoginPageTest -->
