<?xml version="1.0" encoding="UTF-8"?>
<!-- Generated by org.testng.reporters.JUnitReportReporter -->
<testsuite hostname="HGT-LAP-310" failures="0" tests="1" name="TestCase.LoginPageTest" time="32.296" errors="0" timestamp="2024-04-26T15:33:10 IST" skipped="0">
  <testcase classname="TestCase.LoginPageTest" name="dragdrop" time="32.296"/>
  <system-out/>
</testsuite> <!-- TestCase.LoginPageTest -->
