<?xml version="1.0" encoding="UTF-8"?>
<!-- Generated by org.testng.reporters.JUnitReportReporter -->
<testsuite hostname="HGT-LAP-310" failures="0" tests="1" name="TestCase.TestCases_Prudhvi1" time="415.709" errors="0" timestamp="2024-05-28T12:13:43 IST" skipped="0">
  <testcase classname="TestCase.TestCases_Prudhvi1" name="BlankDocWithEnforcementWithoutAutofill" time="415.709"/>
  <system-out/>
</testsuite> <!-- TestCase.TestCases_Prudhvi1 -->
